********************** Random seed: 4 **********************
cuda
Number of parameters: 38916
120 point clouds in the dataset
cuda
Testing ablation2_16384queries_8
27 point clouds in the dataset
Number of test samples: 221184
Number of parameters: 38916
MAE: 0.027246233752873925 / RMSE: 0.0406703526213475
cuda
Number of parameters: 38916
120 point clouds in the dataset
cuda
Testing ablation2_16384queries_6
27 point clouds in the dataset
Number of test samples: 221184
Number of parameters: 38916
MAE: 0.028227141127487747 / RMSE: 0.04159252401453108
cuda
Number of parameters: 38916
120 point clouds in the dataset
cuda
Testing ablation2_16384queries_4
27 point clouds in the dataset
Number of test samples: 221184
Number of parameters: 38916
MAE: 0.0296614339578713 / RMSE: 0.04273259950550179
cuda
Number of parameters: 38916
120 point clouds in the dataset
cuda
Testing ablation2_16384queries_2
27 point clouds in the dataset
Number of test samples: 221184
Number of parameters: 38916
MAE: 0.031793325342208675 / RMSE: 0.04522941377947608
cuda
Number of parameters: 38916
120 point clouds in the dataset
cuda
Testing ablation2_16384queries_0
27 point clouds in the dataset
Number of test samples: 221184
Number of parameters: 38916
MAE: 0.0330632202343766 / RMSE: 0.04748052633822299
cuda
Number of parameters: 38916
120 point clouds in the dataset
cuda
Testing ablation2_8192queries_8
27 point clouds in the dataset
Number of test samples: 221184
Number of parameters: 38916
MAE: 0.031209883975606083 / RMSE: 0.05546513790415737
cuda
Number of parameters: 38916
120 point clouds in the dataset
cuda
Testing ablation2_8192queries_6
27 point clouds in the dataset
Number of test samples: 221184
Number of parameters: 38916
MAE: 0.031284924575172283 / RMSE: 0.04549827025421114
cuda
Number of parameters: 38916
120 point clouds in the dataset
cuda
Testing ablation2_8192queries_4
27 point clouds in the dataset
Number of test samples: 221184
Number of parameters: 38916
MAE: 0.03168988828057503 / RMSE: 0.04520124460480447
cuda
Number of parameters: 38916
120 point clouds in the dataset
cuda
Testing ablation2_8192queries_2
27 point clouds in the dataset
Number of test samples: 221184
Number of parameters: 38916
MAE: 0.03487052293878603 / RMSE: 0.04899753944704449
cuda
Number of parameters: 38916
120 point clouds in the dataset
cuda
Testing ablation2_8192queries_0
27 point clouds in the dataset
Number of test samples: 221184
Number of parameters: 38916
MAE: 0.03393402304405161 / RMSE: 0.04853604179618015
cuda
Number of parameters: 38916
120 point clouds in the dataset
cuda
Testing ablation2_4096queries_8
27 point clouds in the dataset
Number of test samples: 221184
Number of parameters: 38916
MAE: 0.035998689661031 / RMSE: 0.05133716907828933
cuda
Number of parameters: 38916
120 point clouds in the dataset
cuda
Testing ablation2_4096queries_6
27 point clouds in the dataset
Number of test samples: 221184
Number of parameters: 38916
MAE: 0.03675821876366658 / RMSE: 0.05278617167675846
cuda
Number of parameters: 38916
120 point clouds in the dataset
cuda
Testing ablation2_4096queries_4
27 point clouds in the dataset
Number of test samples: 221184
Number of parameters: 38916
MAE: 0.035599610492185706 / RMSE: 0.050977440964580525
cuda
Number of parameters: 38916
120 point clouds in the dataset
cuda
Testing ablation2_4096queries_2
27 point clouds in the dataset
Number of test samples: 221184
Number of parameters: 38916
MAE: 0.038730859832337546 / RMSE: 0.05432150912567025
cuda
Number of parameters: 38916
120 point clouds in the dataset
cuda
Testing ablation2_4096queries_0
27 point clouds in the dataset
Number of test samples: 221184
Number of parameters: 38916
MAE: 0.03799446990337529 / RMSE: 0.05308535400254156
cuda
Number of parameters: 38916
120 point clouds in the dataset
cuda
Testing ablation2_2048queries_8
27 point clouds in the dataset
Number of test samples: 221184
Number of parameters: 38916
MAE: 0.03705221759579837 / RMSE: 0.05350120586384699
cuda
Number of parameters: 38916
120 point clouds in the dataset
cuda
Testing ablation2_2048queries_6
27 point clouds in the dataset
Number of test samples: 221184
Number of parameters: 38916
MAE: 0.03977062590795282 / RMSE: 0.05663797465021732
cuda
Number of parameters: 38916
120 point clouds in the dataset
cuda
Testing ablation2_2048queries_4
27 point clouds in the dataset
Number of test samples: 221184
Number of parameters: 38916
MAE: 0.04002257038004347 / RMSE: 0.05595795661689445
cuda
Number of parameters: 38916
120 point clouds in the dataset
cuda
Testing ablation2_2048queries_2
27 point clouds in the dataset
Number of test samples: 221184
Number of parameters: 38916
MAE: 0.04222223457821814 / RMSE: 0.05783561778372708
cuda
Number of parameters: 38916
120 point clouds in the dataset
cuda
Testing ablation2_2048queries_0
27 point clouds in the dataset
Number of test samples: 221184
Number of parameters: 38916
MAE: 0.04233196551287433 / RMSE: 0.05805142401036434
********************** Random seed: 16 **********************
cuda
Number of parameters: 38916
120 point clouds in the dataset
cuda
Testing ablation2_16384queries_8
27 point clouds in the dataset
Number of test samples: 221184
Number of parameters: 38916
MAE: 0.028674070777483362 / RMSE: 0.041408191087487514
cuda
Number of parameters: 38916
120 point clouds in the dataset
cuda
Testing ablation2_16384queries_6
27 point clouds in the dataset
Number of test samples: 221184
Number of parameters: 38916
MAE: 0.028979363978972668 / RMSE: 0.04209047740914157
cuda
Number of parameters: 38916
120 point clouds in the dataset
cuda
Testing ablation2_16384queries_4
27 point clouds in the dataset
Number of test samples: 221184
Number of parameters: 38916
MAE: 0.029414907220107735 / RMSE: 0.04228658804728271
cuda
Number of parameters: 38916
120 point clouds in the dataset
cuda
Testing ablation2_16384queries_2
27 point clouds in the dataset
Number of test samples: 221184
Number of parameters: 38916
MAE: 0.03248842144538607 / RMSE: 0.046339758175389476
cuda
Number of parameters: 38916
120 point clouds in the dataset
cuda
Testing ablation2_16384queries_0
27 point clouds in the dataset
Number of test samples: 221184
Number of parameters: 38916
MAE: 0.03236758445353995 / RMSE: 0.0467544249219257
cuda
Number of parameters: 38916
120 point clouds in the dataset
cuda
Testing ablation2_8192queries_8
27 point clouds in the dataset
Number of test samples: 221184
Number of parameters: 38916
MAE: 0.031413980444968105 / RMSE: 0.045264477030139416
cuda
Number of parameters: 38916
120 point clouds in the dataset
cuda
Testing ablation2_8192queries_6
27 point clouds in the dataset
Number of test samples: 221184
Number of parameters: 38916
MAE: 0.030059324144816553 / RMSE: 0.044086879420988156
cuda
Number of parameters: 38916
120 point clouds in the dataset
cuda
Testing ablation2_8192queries_4
27 point clouds in the dataset
Number of test samples: 221184
Number of parameters: 38916
MAE: 0.033351192992430466 / RMSE: 0.047061243616305905
cuda
Number of parameters: 38916
120 point clouds in the dataset
cuda
Testing ablation2_8192queries_2
27 point clouds in the dataset
Number of test samples: 221184
Number of parameters: 38916
MAE: 0.03551167982640894 / RMSE: 0.05009076033853814
cuda
Number of parameters: 38916
120 point clouds in the dataset
cuda
Testing ablation2_8192queries_0
27 point clouds in the dataset
Number of test samples: 221184
Number of parameters: 38916
MAE: 0.035251391041487855 / RMSE: 0.05039629541238477
cuda
Number of parameters: 38916
120 point clouds in the dataset
cuda
Testing ablation2_4096queries_8
27 point clouds in the dataset
Number of test samples: 221184
Number of parameters: 38916
MAE: 0.034850374862943095 / RMSE: 0.04994118944503718
cuda
Number of parameters: 38916
120 point clouds in the dataset
cuda
Testing ablation2_4096queries_6
27 point clouds in the dataset
Number of test samples: 221184
Number of parameters: 38916
MAE: 0.033896055303662076 / RMSE: 0.04888907221808224
cuda
Number of parameters: 38916
120 point clouds in the dataset
cuda
Testing ablation2_4096queries_4
27 point clouds in the dataset
Number of test samples: 221184
Number of parameters: 38916
MAE: 0.03629855328738219 / RMSE: 0.05138455914635159
cuda
Number of parameters: 38916
120 point clouds in the dataset
cuda
Testing ablation2_4096queries_2
27 point clouds in the dataset
Number of test samples: 221184
Number of parameters: 38916
MAE: 0.03802625818224614 / RMSE: 0.053439742439815835
cuda
Number of parameters: 38916
120 point clouds in the dataset
cuda
Testing ablation2_4096queries_0
27 point clouds in the dataset
Number of test samples: 221184
Number of parameters: 38916
MAE: 0.037813429208803574 / RMSE: 0.05309707661099911
cuda
Number of parameters: 38916
120 point clouds in the dataset
cuda
Testing ablation2_2048queries_8
27 point clouds in the dataset
Number of test samples: 221184
Number of parameters: 38916
MAE: 0.04014971699274826 / RMSE: 0.057101432911190686
cuda
Number of parameters: 38916
120 point clouds in the dataset
cuda
Testing ablation2_2048queries_6
27 point clouds in the dataset
Number of test samples: 221184
Number of parameters: 38916
MAE: 0.03878618556262512 / RMSE: 0.0550694246634907
cuda
Number of parameters: 38916
120 point clouds in the dataset
cuda
Testing ablation2_2048queries_4
27 point clouds in the dataset
Number of test samples: 221184
Number of parameters: 38916
MAE: 0.041701913145052574 / RMSE: 0.05795529558007758
cuda
Number of parameters: 38916
120 point clouds in the dataset
cuda
Testing ablation2_2048queries_2
27 point clouds in the dataset
Number of test samples: 221184
Number of parameters: 38916
MAE: 0.04117566658658321 / RMSE: 0.056976564778953194
cuda
Number of parameters: 38916
120 point clouds in the dataset
cuda
Testing ablation2_2048queries_0
27 point clouds in the dataset
Number of test samples: 221184
Number of parameters: 38916
MAE: 0.042350730890764146 / RMSE: 0.05855694567865147
********************** Random seed: 64 **********************
cuda
Number of parameters: 38916
120 point clouds in the dataset
cuda
Testing ablation2_16384queries_8
27 point clouds in the dataset
Number of test samples: 221184
Number of parameters: 38916
MAE: 0.028634563989466573 / RMSE: 0.04332711956695822
cuda
Number of parameters: 38916
120 point clouds in the dataset
cuda
Testing ablation2_16384queries_6
27 point clouds in the dataset
Number of test samples: 221184
Number of parameters: 38916
MAE: 0.02775549902153269 / RMSE: 0.04054674466464812
cuda
Number of parameters: 38916
120 point clouds in the dataset
cuda
Testing ablation2_16384queries_4
27 point clouds in the dataset
Number of test samples: 221184
Number of parameters: 38916
MAE: 0.029209302205077687 / RMSE: 0.04202243210862524
cuda
Number of parameters: 38916
120 point clouds in the dataset
cuda
Testing ablation2_16384queries_2
27 point clouds in the dataset
Number of test samples: 221184
Number of parameters: 38916
MAE: 0.03152826081854993 / RMSE: 0.044631458194854194
cuda
Number of parameters: 38916
120 point clouds in the dataset
cuda
Testing ablation2_16384queries_0
27 point clouds in the dataset
Number of test samples: 221184
Number of parameters: 38916
MAE: 0.032945704269948736 / RMSE: 0.04716164018738493
cuda
Number of parameters: 38916
120 point clouds in the dataset
cuda
Testing ablation2_8192queries_8
27 point clouds in the dataset
Number of test samples: 221184
Number of parameters: 38916
MAE: 0.03839236782440941 / RMSE: 0.053174132399910895
cuda
Number of parameters: 38916
120 point clouds in the dataset
cuda
Testing ablation2_8192queries_6
27 point clouds in the dataset
Number of test samples: 221184
Number of parameters: 38916
MAE: 0.031164489997521923 / RMSE: 0.04456975457212061
cuda
Number of parameters: 38916
120 point clouds in the dataset
cuda
Testing ablation2_8192queries_4
27 point clouds in the dataset
Number of test samples: 221184
Number of parameters: 38916
MAE: 0.031674911785351846 / RMSE: 0.04570126455501138
cuda
Number of parameters: 38916
120 point clouds in the dataset
cuda
Testing ablation2_8192queries_2
27 point clouds in the dataset
Number of test samples: 221184
Number of parameters: 38916
MAE: 0.035297707747966596 / RMSE: 0.049887563372451746
cuda
Number of parameters: 38916
120 point clouds in the dataset
cuda
Testing ablation2_8192queries_0
27 point clouds in the dataset
Number of test samples: 221184
Number of parameters: 38916
MAE: 0.0365239649409672 / RMSE: 0.05158464186428908
cuda
120 point clouds in the dataset
cuda
Testing ablation2_4096queries_8
27 point clouds in the dataset
Number of test samples: 221184
Number of parameters: 38916
MAE: 0.03530188638611795 / RMSE: 0.0501617254382228
cuda
120 point clouds in the dataset
cuda
Testing ablation2_4096queries_6
27 point clouds in the dataset
Number of test samples: 221184
Number of parameters: 38916
MAE: 0.03442394470433304 / RMSE: 0.0481659413817846
cuda
120 point clouds in the dataset
cuda
Testing ablation2_4096queries_4
27 point clouds in the dataset
Number of test samples: 221184
Number of parameters: 38916
MAE: 0.03622853881534965 / RMSE: 0.050892369986370034
cuda
120 point clouds in the dataset
cuda
Testing ablation2_4096queries_2
27 point clouds in the dataset
Number of test samples: 221184
Number of parameters: 38916
MAE: 0.03862768707277058 / RMSE: 0.05405944924679889
cuda
120 point clouds in the dataset
cuda
Testing ablation2_4096queries_0
27 point clouds in the dataset
Number of test samples: 221184
Number of parameters: 38916
MAE: 0.036529273207584784 / RMSE: 0.05192362496019341
cuda
120 point clouds in the dataset
cuda
Testing ablation2_2048queries_8
27 point clouds in the dataset
Number of test samples: 221184
Number of parameters: 38916
MAE: 0.037862685895699646 / RMSE: 0.05348928805853592
cuda
120 point clouds in the dataset
cuda
Testing ablation2_2048queries_6
27 point clouds in the dataset
Number of test samples: 221184
Number of parameters: 38916
MAE: 0.03787831448041198 / RMSE: 0.055383725896730976
cuda
120 point clouds in the dataset
cuda
Testing ablation2_2048queries_4
27 point clouds in the dataset
Number of test samples: 221184
Number of parameters: 38916
MAE: 0.03958301959941038 / RMSE: 0.05617853663571271
cuda
120 point clouds in the dataset
cuda
Testing ablation2_2048queries_2
27 point clouds in the dataset
Number of test samples: 221184
Number of parameters: 38916
MAE: 0.04311922559601027 / RMSE: 0.05887805629242729
cuda
120 point clouds in the dataset
cuda
Testing ablation2_2048queries_0
27 point clouds in the dataset
Number of test samples: 221184
Number of parameters: 38916
MAE: 0.040108653364890945 / RMSE: 0.05579655524158277
********************** Random seed: 256 **********************
cuda
120 point clouds in the dataset
cuda
Testing ablation2_16384queries_8
27 point clouds in the dataset
Number of test samples: 221184
Number of parameters: 38916
MAE: 0.028523510643081975 / RMSE: 0.04301667418098993
cuda
120 point clouds in the dataset
cuda
Testing ablation2_16384queries_6
27 point clouds in the dataset
Number of test samples: 221184
Number of parameters: 38916
MAE: 0.027891765264314427 / RMSE: 0.04093117609884442
cuda
120 point clouds in the dataset
cuda
Testing ablation2_16384queries_4
27 point clouds in the dataset
Number of test samples: 221184
Number of parameters: 38916
MAE: 0.029102142990361544 / RMSE: 0.04214202996816651
cuda
120 point clouds in the dataset
cuda
Testing ablation2_16384queries_2
27 point clouds in the dataset
Number of test samples: 221184
Number of parameters: 38916
MAE: 0.032207127349740614 / RMSE: 0.04595559603506091
cuda
120 point clouds in the dataset
cuda
Testing ablation2_16384queries_0
27 point clouds in the dataset
Number of test samples: 221184
Number of parameters: 38916
MAE: 0.03287760515788697 / RMSE: 0.047241615390036705
cuda
120 point clouds in the dataset
cuda
Testing ablation2_8192queries_8
27 point clouds in the dataset
Number of test samples: 221184
Number of parameters: 38916
MAE: 0.03346343250134208 / RMSE: 0.049929369999638665
cuda
120 point clouds in the dataset
cuda
Testing ablation2_8192queries_6
27 point clouds in the dataset
Number of test samples: 221184
Number of parameters: 38916
MAE: 0.031861386740810745 / RMSE: 0.04521664889727458
cuda
120 point clouds in the dataset
cuda
Testing ablation2_8192queries_4
27 point clouds in the dataset
Number of test samples: 221184
Number of parameters: 38916
MAE: 0.03112979933618009 / RMSE: 0.04419445395655768
cuda
120 point clouds in the dataset
cuda
Testing ablation2_8192queries_2
27 point clouds in the dataset
Number of test samples: 221184
Number of parameters: 38916
MAE: 0.034503732198669125 / RMSE: 0.04879372616924287
cuda
120 point clouds in the dataset
cuda
Testing ablation2_8192queries_0
27 point clouds in the dataset
Number of test samples: 221184
Number of parameters: 38916
MAE: 0.03420976905407334 / RMSE: 0.04879553855384645
cuda
120 point clouds in the dataset
cuda
Testing ablation2_4096queries_8
27 point clouds in the dataset
Number of test samples: 221184
Number of parameters: 38916
MAE: 0.03525183793894068 / RMSE: 0.0531420961909566
cuda
120 point clouds in the dataset
cuda
Testing ablation2_4096queries_6
27 point clouds in the dataset
Number of test samples: 221184
Number of parameters: 38916
MAE: 0.03469499263128598 / RMSE: 0.04956621371671752
cuda
120 point clouds in the dataset
cuda
Testing ablation2_4096queries_4
27 point clouds in the dataset
Number of test samples: 221184
Number of parameters: 38916
MAE: 0.034505668903094075 / RMSE: 0.0491660062136627
cuda
120 point clouds in the dataset
cuda
Testing ablation2_4096queries_2
27 point clouds in the dataset
Number of test samples: 221184
Number of parameters: 38916
MAE: 0.03723028112508557 / RMSE: 0.052302020316938404
cuda
120 point clouds in the dataset
cuda
Testing ablation2_4096queries_0
27 point clouds in the dataset
Number of test samples: 221184
Number of parameters: 38916
MAE: 0.03690867646372132 / RMSE: 0.05219895494398644
cuda
120 point clouds in the dataset
cuda
Testing ablation2_2048queries_8
27 point clouds in the dataset
Number of test samples: 221184
Number of parameters: 38916
MAE: 0.04048310115783767 / RMSE: 0.05979709100705746
cuda
120 point clouds in the dataset
cuda
Testing ablation2_2048queries_6
27 point clouds in the dataset
Number of test samples: 221184
Number of parameters: 38916
MAE: 0.03782559339093848 / RMSE: 0.0543072463970025
cuda
120 point clouds in the dataset
cuda
Testing ablation2_2048queries_4
27 point clouds in the dataset
Number of test samples: 221184
Number of parameters: 38916
MAE: 0.03735426028811069 / RMSE: 0.05324053341584258
cuda
120 point clouds in the dataset
cuda
Testing ablation2_2048queries_2
27 point clouds in the dataset
Number of test samples: 221184
Number of parameters: 38916
MAE: 0.04102056143188717 / RMSE: 0.056815154950085274
cuda
120 point clouds in the dataset
cuda
Testing ablation2_2048queries_0
27 point clouds in the dataset
Number of test samples: 221184
Number of parameters: 38916
MAE: 0.04090368249142194 / RMSE: 0.05717270441733453
