H_0.00_V_0.00.csv,974.1464216206632
H_0.00_V_-0.01.csv,1199.22371073062
H_0.00_V_0.01.csv,1017.7956492614392
H_0.00_V_-0.02.csv,964.3271833635106
H_0.00_V_0.02.csv,1187.4094503338522
H_0.00_V_-0.03.csv,1306.7031615849587
H_0.00_V_-0.04.csv,1219.0395055989152
H_0.00_V_0.04.csv,976.8525286207691
H_0.00_V_-0.05.csv,1192.1279680652285
H_0.00_V_0.05.csv,1043.2937183034978
H_0.00_V_-0.07.csv,888.4137156697238
H_0.00_V_0.08.csv,1084.7705035922404
H_0.00_V_-0.10.csv,1170.899354380281
H_0.00_V_0.10.csv,893.2369583337893
H_0.00_V_0.12.csv,1076.7342118138813
H_-0.01_V_0.00.csv,1231.9766666912128
H_0.01_V_0.00.csv,1022.066913280273
H_0.01_V_0.01.csv,1270.4866660918563
H_-0.01_V_-0.02.csv,1014.5755684952576
H_-0.01_V_0.02.csv,877.8387487904729
H_0.01_V_0.02.csv,1286.8402844644027
H_-0.01_V_-0.03.csv,1566.5816557347525
H_0.01_V_-0.03.csv,1124.9081385502202
H_0.01_V_0.03.csv,1135.8173599663307
H_-0.01_V_-0.04.csv,842.1742158688137
H_-0.01_V_0.04.csv,1170.4730915919235
H_0.01_V_-0.04.csv,1087.2430263062497
H_0.01_V_0.04.csv,1094.4395720562593
H_0.01_V_0.05.csv,1071.9747261128155
H_-0.01_V_-0.06.csv,1273.1034503875162
H_-0.01_V_0.06.csv,1162.2654698041533
H_0.01_V_0.06.csv,912.7492265090149
H_-0.01_V_-0.07.csv,1115.3280389349475
H_-0.01_V_0.08.csv,1346.8522373501673
H_0.01_V_0.09.csv,1172.3872515454473
H_-0.01_V_-0.10.csv,914.5568771619264
H_0.01_V_-0.10.csv,891.3943608560919
H_0.01_V_0.10.csv,1001.142933157932
H_-0.01_V_-0.11.csv,999.9045070098072
H_0.01_V_-0.11.csv,1281.0914448060248
H_0.01_V_0.11.csv,1484.0221814453448
H_-0.02_V_0.00.csv,1205.7515601377381
H_0.02_V_0.00.csv,1303.6715976441512
H_-0.02_V_0.01.csv,1139.3155184280267
H_0.02_V_0.01.csv,1116.4232362851915
H_-0.02_V_-0.02.csv,1137.0582527393763
H_0.02_V_-0.02.csv,1283.7981098600885
H_-0.02_V_-0.03.csv,944.7983424448407
H_-0.02_V_0.03.csv,946.7412365446348
H_0.02_V_-0.03.csv,1556.937702258741
H_0.02_V_0.03.csv,875.0126389513609
H_-0.02_V_0.04.csv,1046.6145773450166
H_-0.02_V_-0.05.csv,1257.7791497874573
H_-0.02_V_0.05.csv,1096.2458070984678
H_0.02_V_-0.05.csv,1587.1909938131043
H_0.02_V_0.05.csv,1302.8051456284197
H_-0.02_V_0.06.csv,1281.9917703630238
H_0.02_V_0.06.csv,1320.3244836969318
H_-0.02_V_-0.07.csv,1337.3300472502137
H_0.02_V_-0.07.csv,2069.431512924193
H_0.02_V_0.07.csv,1062.3069133879858
H_-0.02_V_-0.08.csv,1059.128328185602
H_-0.02_V_0.08.csv,1186.841336587614
H_0.02_V_-0.08.csv,993.4106226781148
H_0.02_V_0.08.csv,1561.1908293006027
H_-0.02_V_-0.09.csv,1203.3560375105924
H_-0.02_V_0.09.csv,1407.141124443874
H_0.02_V_0.09.csv,1717.5226221270248
H_-0.02_V_0.10.csv,1113.932603011825
H_0.02_V_-0.10.csv,1207.1980556807143
H_0.02_V_0.10.csv,979.5914285407663
H_-0.02_V_-0.11.csv,1216.7216943968106
H_-0.02_V_0.11.csv,747.4468247783966
H_0.02_V_-0.11.csv,1369.5734062236234
H_-0.02_V_0.12.csv,1284.9290293952722
H_0.02_V_0.12.csv,1309.0183540897265
H_-0.03_V_0.00.csv,1309.2480892698532
H_0.03_V_0.00.csv,1065.3381618247483
H_-0.03_V_-0.01.csv,1142.2572508088276
H_-0.03_V_0.01.csv,1335.024415732598
H_0.03_V_-0.01.csv,1123.7389703238537
H_0.03_V_0.01.csv,897.5724284599332
H_-0.03_V_-0.02.csv,1472.4122569777996
H_0.03_V_-0.02.csv,1348.953143642817
H_0.03_V_0.02.csv,1352.3741579438072
H_-0.03_V_-0.03.csv,917.933200640558
H_-0.03_V_0.03.csv,1640.9507475448136
H_0.03_V_-0.03.csv,1088.4331409780377
H_-0.03_V_-0.04.csv,1478.3739379514382
H_-0.03_V_0.04.csv,1099.0365451754974
H_0.03_V_-0.04.csv,1686.9237627942043
H_0.03_V_0.04.csv,1306.0521343948612
H_-0.03_V_0.05.csv,1354.3088323310535
H_0.03_V_0.05.csv,996.8439439689943
H_-0.03_V_-0.06.csv,1448.3305174899351
H_-0.03_V_0.06.csv,1237.308821416531
H_0.03_V_-0.06.csv,1065.98256818523
H_-0.03_V_-0.07.csv,959.7502252319962
H_-0.03_V_0.07.csv,1247.8350802634136
H_0.03_V_-0.07.csv,1136.348688096994
H_0.03_V_0.08.csv,1206.9569942224443
H_-0.03_V_0.09.csv,1245.2534638174543
H_0.03_V_-0.09.csv,1365.8904900209855
H_-0.03_V_0.10.csv,1123.093303828025
H_0.03_V_0.10.csv,1018.3246273447003
H_-0.03_V_0.11.csv,1093.7348180731942
H_-0.03_V_0.12.csv,1283.8303017755345
H_0.03_V_0.13.csv,1290.1497589365292
H_-0.04_V_0.00.csv,883.7440847371515
H_0.04_V_0.00.csv,1385.509642979449
H_-0.04_V_0.01.csv,1103.8452349816175
H_0.04_V_-0.01.csv,1022.3824433087211
H_-0.04_V_-0.02.csv,1401.8765232939738
H_-0.04_V_0.02.csv,1383.9158160299398
H_0.04_V_-0.02.csv,1471.3438806384625
H_0.04_V_0.02.csv,1126.4317514736094
H_-0.04_V_0.03.csv,716.2765955151428
H_0.04_V_-0.03.csv,919.3257018323809
H_0.04_V_0.03.csv,1606.5396069706794
H_-0.04_V_0.04.csv,1407.2737182963579
H_0.04_V_-0.04.csv,1262.0446644717324
H_0.04_V_0.04.csv,1501.13753129009
H_-0.04_V_-0.05.csv,1345.7564870139972
H_-0.04_V_0.05.csv,1485.176324545664
H_0.04_V_-0.05.csv,916.9633275186613
H_0.04_V_-0.06.csv,821.2323342650463
H_0.04_V_0.06.csv,1347.4031852532637
H_0.04_V_-0.07.csv,2021.5357026945212
H_0.04_V_0.07.csv,915.6700267989658
H_-0.04_V_-0.08.csv,971.6525921486372
H_-0.04_V_0.08.csv,1260.3794051091566
H_0.04_V_0.08.csv,1432.6221727471252
H_-0.04_V_-0.09.csv,1150.1462176505165
H_-0.04_V_0.09.csv,1221.1031584250836
H_-0.04_V_0.10.csv,967.2185477705448
H_0.04_V_0.10.csv,1392.3061027455253
H_-0.04_V_-0.11.csv,1166.448853710881
H_-0.04_V_0.11.csv,1233.3788665070947
H_-0.05_V_0.00.csv,1239.51334885707
H_0.05_V_0.00.csv,958.9753518237158
H_0.05_V_-0.01.csv,852.9678467589036
H_0.05_V_0.01.csv,842.7477674939294
H_-0.05_V_-0.02.csv,1268.7080625566823
H_-0.05_V_0.02.csv,1010.1524942111994
H_0.05_V_-0.02.csv,1445.194340425235
H_0.05_V_0.02.csv,1432.9636497090387
H_-0.05_V_-0.03.csv,1712.308650056808
H_0.05_V_-0.03.csv,1346.4782452912543
H_0.05_V_0.03.csv,1231.177106028002
H_-0.05_V_0.04.csv,1182.4082815737129
H_0.05_V_-0.04.csv,1390.4887883178578
H_0.05_V_0.04.csv,1255.2502176514354
H_-0.05_V_0.05.csv,596.2925505522691
H_0.05_V_0.05.csv,1007.5031177526923
H_-0.05_V_0.06.csv,1374.031271931528
H_0.05_V_0.06.csv,1373.4861970823006
H_-0.05_V_0.07.csv,1080.0595086653564
H_0.05_V_-0.07.csv,976.597045261153
H_0.05_V_0.08.csv,1246.7013804560188
H_-0.05_V_0.09.csv,919.0399701170879
H_0.05_V_-0.10.csv,800.7779902968407
H_0.06_V_0.00.csv,1029.5330590738215
H_-0.06_V_-0.01.csv,1158.8725132424072
H_-0.06_V_0.01.csv,984.4561936110813
H_-0.06_V_0.02.csv,1074.3824251977449
H_0.06_V_-0.02.csv,1173.2239204402817
H_0.06_V_0.02.csv,1355.845333239286
H_-0.06_V_-0.03.csv,1038.9135725684207
H_0.06_V_-0.03.csv,872.9596820856386
H_-0.06_V_-0.04.csv,1067.2636928827205
H_-0.06_V_0.04.csv,1004.2016197203563
H_-0.06_V_-0.05.csv,1316.3124064390727
H_0.06_V_0.06.csv,937.4459833279869
H_-0.06_V_-0.08.csv,984.5541242241791
H_-0.06_V_0.08.csv,1116.2771590176444
H_-0.06_V_0.09.csv,1069.1327309947706
H_0.06_V_0.10.csv,863.9863220345125
H_0.06_V_0.11.csv,902.8435193147354
H_-0.07_V_0.00.csv,644.1785102848714
H_0.07_V_0.00.csv,1652.8604678466004
H_-0.07_V_-0.01.csv,799.733598197473
H_-0.07_V_0.01.csv,923.5486354329071
H_-0.07_V_-0.02.csv,1072.7005829878847
H_-0.07_V_0.02.csv,905.5864573825638
H_0.07_V_0.02.csv,1454.8849210286073
H_-0.07_V_0.03.csv,876.4339530875213
H_0.07_V_-0.03.csv,959.9908417825462
H_0.07_V_0.03.csv,1078.1799508956235
H_-0.07_V_0.04.csv,1146.0310594687126
H_0.07_V_0.06.csv,859.6657006308367
H_-0.07_V_0.07.csv,2058.3709781496555
H_-0.07_V_-0.08.csv,981.6000749538543
H_-0.07_V_-0.10.csv,769.1671154135618
H_-0.07_V_0.12.csv,659.1519741180404
H_-0.08_V_0.00.csv,786.3571108380463
H_0.08_V_0.00.csv,812.8508679333763
H_-0.08_V_-0.01.csv,1033.0429228158678
H_-0.08_V_0.01.csv,1175.1813964046216
H_0.08_V_-0.01.csv,1402.8468491667977
H_0.08_V_0.01.csv,884.4185669640451
H_-0.08_V_0.02.csv,1385.675116043611
H_0.08_V_0.02.csv,1333.2625207946544
H_-0.08_V_-0.03.csv,850.9576494765121
H_0.08_V_-0.03.csv,1363.457460564366
H_-0.08_V_-0.04.csv,1054.789825449733
H_-0.08_V_0.04.csv,942.4218136011691
H_0.08_V_0.04.csv,1738.9105063465863
H_-0.08_V_0.05.csv,2029.7753222763615
H_0.08_V_-0.05.csv,906.8971016881319
H_-0.08_V_-0.06.csv,777.7694694139923
H_0.08_V_-0.10.csv,788.5582443337674
H_-0.09_V_0.00.csv,1296.967845182372
H_0.09_V_0.00.csv,1365.9149517516594
H_-0.09_V_-0.01.csv,875.2036187467675
H_-0.09_V_0.01.csv,1373.2970956938404
H_0.09_V_-0.01.csv,1323.7046823426595
H_0.09_V_0.01.csv,1201.2426546850975
H_0.09_V_0.02.csv,975.5945951613046
H_-0.09_V_0.04.csv,901.8906715023543
H_-0.09_V_0.05.csv,1514.147027593666
H_0.09_V_0.05.csv,1469.1922246959675
H_0.09_V_0.06.csv,1381.7342372128894
H_-0.09_V_0.07.csv,763.652217595718
H_0.10_V_-0.01.csv,912.4808454989651
H_-0.10_V_0.02.csv,1432.8580948876406
H_-0.10_V_0.03.csv,775.0913105411587
H_0.10_V_-0.03.csv,812.3015353905931
H_0.10_V_-0.04.csv,779.9211781816338
H_0.10_V_0.04.csv,980.499188143425
H_0.10_V_-0.05.csv,829.5362032251321
H_0.11_V_0.01.csv,693.6140079950867
