H_0.00_V_0.00.csv,1279.6854001640722
H_0.00_V_-0.01.csv,1461.809729629669
H_0.00_V_0.01.csv,1122.2391959428442
H_0.00_V_-0.02.csv,1043.3111255956023
H_0.00_V_0.02.csv,1298.5281085536908
H_0.00_V_-0.03.csv,1578.7497708905132
H_0.00_V_-0.04.csv,1739.0446875092318
H_0.00_V_0.04.csv,1211.715730640943
H_0.00_V_-0.05.csv,1152.878715606858
H_0.00_V_0.05.csv,1189.175789270378
H_0.00_V_-0.07.csv,1065.187736045038
H_0.00_V_0.08.csv,1247.6968354297298
H_0.00_V_-0.10.csv,1304.4586142273047
H_0.00_V_0.10.csv,1090.1784338533905
H_0.00_V_0.12.csv,1290.4326137586595
H_-0.01_V_0.00.csv,1547.052009828726
H_0.01_V_0.00.csv,1043.4350623687014
H_0.01_V_0.01.csv,1285.5868868307566
H_-0.01_V_-0.02.csv,1357.9159631295402
H_-0.01_V_0.02.csv,1063.3410601988721
H_0.01_V_0.02.csv,1787.9493597896303
H_-0.01_V_-0.03.csv,1687.977640055121
H_0.01_V_-0.03.csv,1160.6367482198536
H_0.01_V_0.03.csv,1337.3123846030526
H_-0.01_V_-0.04.csv,1021.3766766965745
H_-0.01_V_0.04.csv,1576.0467838520606
H_0.01_V_-0.04.csv,1190.342373602692
H_0.01_V_0.04.csv,1233.3022193193742
H_0.01_V_0.05.csv,1141.0559587068426
H_-0.01_V_-0.06.csv,1443.992461986529
H_-0.01_V_0.06.csv,1309.7846070711612
H_0.01_V_0.06.csv,1129.2048972924804
H_-0.01_V_-0.07.csv,1411.337391615907
H_-0.01_V_0.08.csv,1642.8880241052666
H_0.01_V_0.09.csv,1316.5807061896674
H_-0.01_V_-0.10.csv,927.9251311466546
H_0.01_V_-0.10.csv,1037.3967153597225
H_0.01_V_0.10.csv,1150.9534136922362
H_-0.01_V_-0.11.csv,1314.0585441832918
H_0.01_V_-0.11.csv,1676.422810620051
H_0.01_V_0.11.csv,1664.127882313685
H_-0.02_V_0.00.csv,1361.9659792400605
H_0.02_V_0.00.csv,1357.1921772634514
H_-0.02_V_0.01.csv,1127.263969359083
H_0.02_V_0.01.csv,1344.7846765904133
H_-0.02_V_-0.02.csv,1461.804073449898
H_0.02_V_-0.02.csv,1489.157014954835
H_-0.02_V_-0.03.csv,1160.9474812869664
H_-0.02_V_0.03.csv,1264.4167617522266
H_0.02_V_-0.03.csv,1542.2526982196036
H_0.02_V_0.03.csv,998.7550129476415
H_-0.02_V_0.04.csv,1486.5849905430146
H_-0.02_V_-0.05.csv,1442.6303392030363
H_-0.02_V_0.05.csv,1185.4501390475607
H_0.02_V_-0.05.csv,1801.5760791506877
H_0.02_V_0.05.csv,1526.338624880917
H_-0.02_V_0.06.csv,1608.9855545142864
H_0.02_V_0.06.csv,1415.179253917623
H_-0.02_V_-0.07.csv,1753.9014507799725
H_0.02_V_-0.07.csv,2503.9509915115323
H_0.02_V_0.07.csv,1230.1656820390235
H_-0.02_V_-0.08.csv,1063.311745090235
H_-0.02_V_0.08.csv,1313.1620718576146
H_0.02_V_-0.08.csv,1031.686710121935
H_0.02_V_0.08.csv,1767.9018239136662
H_-0.02_V_-0.09.csv,1242.080189912009
H_-0.02_V_0.09.csv,1479.213769763516
H_0.02_V_0.09.csv,2106.684389072322
H_-0.02_V_0.10.csv,1293.0107303683737
H_0.02_V_-0.10.csv,1424.8423604329955
H_0.02_V_0.10.csv,1104.834572624104
H_-0.02_V_-0.11.csv,1455.7196522138954
H_-0.02_V_0.11.csv,800.4241458628466
H_0.02_V_-0.11.csv,1614.39908244019
H_-0.02_V_0.12.csv,1424.2578918992103
H_0.02_V_0.12.csv,1400.0039362223138
H_-0.03_V_0.00.csv,1168.1423118620392
H_0.03_V_0.00.csv,1139.5339583655473
H_-0.03_V_-0.01.csv,1415.436757784905
H_-0.03_V_0.01.csv,1427.2902293909651
H_0.03_V_-0.01.csv,1338.5702259324387
H_0.03_V_0.01.csv,1136.801281283728
H_-0.03_V_-0.02.csv,1383.2839510769054
H_0.03_V_-0.02.csv,1494.2900477094568
H_0.03_V_0.02.csv,1731.7364663912879
H_-0.03_V_-0.03.csv,1048.8185979972038
H_-0.03_V_0.03.csv,1883.7398374481731
H_0.03_V_-0.03.csv,1185.7564088259514
H_-0.03_V_-0.04.csv,1607.916248380212
H_-0.03_V_0.04.csv,1355.3464368416314
H_0.03_V_-0.04.csv,1692.2903398163799
H_0.03_V_0.04.csv,1440.9608630621992
H_-0.03_V_0.05.csv,1489.3358633863227
H_0.03_V_0.05.csv,1175.480462340604
H_-0.03_V_-0.06.csv,1394.85801095115
H_-0.03_V_0.06.csv,1287.0965165736657
H_0.03_V_-0.06.csv,1155.6890800762772
H_-0.03_V_-0.07.csv,1019.2811576041479
H_-0.03_V_0.07.csv,1582.1565760839808
H_0.03_V_-0.07.csv,1271.1866604106299
H_0.03_V_0.08.csv,1344.0990835312978
H_-0.03_V_0.09.csv,1389.4293747134486
H_0.03_V_-0.09.csv,1610.1941050320302
H_-0.03_V_0.10.csv,1125.7282663591009
H_0.03_V_0.10.csv,1153.9352289562737
H_-0.03_V_0.11.csv,1271.9229804641386
H_-0.03_V_0.12.csv,1308.0684690158337
H_0.03_V_0.13.csv,1365.8144162572128
H_-0.04_V_0.00.csv,1207.406282944649
H_0.04_V_0.00.csv,1497.2037280214201
H_-0.04_V_0.01.csv,1231.075870822196
H_0.04_V_-0.01.csv,1257.7912974409674
H_-0.04_V_-0.02.csv,1782.1851231285855
H_-0.04_V_0.02.csv,1333.874846145714
H_0.04_V_-0.02.csv,1599.8119619423928
H_0.04_V_0.02.csv,1407.4742338024114
H_-0.04_V_0.03.csv,841.7716140791426
H_0.04_V_-0.03.csv,1092.4229069545538
H_0.04_V_0.03.csv,1589.4656414485012
H_-0.04_V_0.04.csv,1573.7960742042667
H_0.04_V_-0.04.csv,1351.0491729917146
H_0.04_V_0.04.csv,1702.8225265908459
H_-0.04_V_-0.05.csv,1554.1617820820475
H_-0.04_V_0.05.csv,1684.649711294344
H_0.04_V_-0.05.csv,1327.4173124127624
H_0.04_V_-0.06.csv,1025.9441042273058
H_0.04_V_0.06.csv,1481.40198044859
H_0.04_V_-0.07.csv,2101.5865649474686
H_0.04_V_0.07.csv,1136.0315884695701
H_-0.04_V_-0.08.csv,1127.53683978925
H_-0.04_V_0.08.csv,1432.2008112474925
H_0.04_V_0.08.csv,1539.7678657195388
H_-0.04_V_-0.09.csv,1170.9829031072136
H_-0.04_V_0.09.csv,1376.712092602635
H_-0.04_V_0.10.csv,1346.4488467586425
H_0.04_V_0.10.csv,1615.9070212910487
H_-0.04_V_-0.11.csv,1368.6351315699314
H_-0.04_V_0.11.csv,1501.4662919485033
H_-0.05_V_0.00.csv,1391.2435724282684
H_0.05_V_0.00.csv,1275.4738731378177
H_0.05_V_-0.01.csv,982.1607935053298
H_0.05_V_0.01.csv,824.1435461160206
H_-0.05_V_-0.02.csv,1355.792167178041
H_-0.05_V_0.02.csv,1133.0426665536809
H_0.05_V_-0.02.csv,1514.8726918746547
H_0.05_V_0.02.csv,1517.3979154546428
H_-0.05_V_-0.03.csv,1828.3510759255475
H_0.05_V_-0.03.csv,1517.2581082508439
H_0.05_V_0.03.csv,1364.8612433731382
H_-0.05_V_0.04.csv,1265.6822541125275
H_0.05_V_-0.04.csv,1436.3026584519619
H_0.05_V_0.04.csv,1428.8989332763713
H_-0.05_V_0.05.csv,675.8914503497604
H_0.05_V_0.05.csv,1213.3279036433814
H_-0.05_V_0.06.csv,1469.0645735073108
H_0.05_V_0.06.csv,1934.4181484386309
H_-0.05_V_0.07.csv,1275.1651066426928
H_0.05_V_-0.07.csv,1197.7092884367266
H_0.05_V_0.08.csv,1319.3415723445744
H_-0.05_V_0.09.csv,1151.517054545684
H_0.05_V_-0.10.csv,833.5062859035588
H_0.06_V_0.00.csv,1179.9137309997623
H_-0.06_V_-0.01.csv,1068.0880655645763
H_-0.06_V_0.01.csv,1110.3558223023767
H_-0.06_V_0.02.csv,1061.3811340010507
H_0.06_V_-0.02.csv,1263.390042896505
H_0.06_V_0.02.csv,1396.0287838325798
H_-0.06_V_-0.03.csv,1411.132400245916
H_0.06_V_-0.03.csv,969.9437713562937
H_-0.06_V_-0.04.csv,1021.7330493606821
H_-0.06_V_0.04.csv,1050.829525787876
H_-0.06_V_-0.05.csv,1457.8026723576297
H_0.06_V_0.06.csv,1090.4644936940747
H_-0.06_V_-0.08.csv,1109.0206772901568
H_-0.06_V_0.08.csv,1314.1523503624685
H_-0.06_V_0.09.csv,1264.3451920157913
H_0.06_V_0.10.csv,1143.6484530420942
H_0.06_V_0.11.csv,1108.2851847315565
H_-0.07_V_0.00.csv,822.5633877799455
H_0.07_V_0.00.csv,1475.6932811166982
H_-0.07_V_-0.01.csv,1066.7595743586987
H_-0.07_V_0.01.csv,993.3756863905264
H_-0.07_V_-0.02.csv,1232.4203381227412
H_-0.07_V_0.02.csv,957.1862675575683
H_0.07_V_0.02.csv,1498.7673482583482
H_-0.07_V_0.03.csv,1221.584863776813
H_0.07_V_-0.03.csv,1015.203056282653
H_0.07_V_0.03.csv,1186.9415597479178
H_-0.07_V_0.04.csv,1296.1146595004925
H_0.07_V_0.06.csv,972.33625993231
H_-0.07_V_0.07.csv,2293.475265769525
H_-0.07_V_-0.08.csv,986.4773524423281
H_-0.07_V_-0.10.csv,859.9862314422882
H_-0.07_V_0.12.csv,818.3699320769913
H_-0.08_V_0.00.csv,794.5310478984845
H_0.08_V_0.00.csv,867.5112848705054
H_-0.08_V_-0.01.csv,962.2098596377882
H_-0.08_V_0.01.csv,1229.1193952238996
H_0.08_V_-0.01.csv,1604.0872291459402
H_0.08_V_0.01.csv,958.4729282626723
H_-0.08_V_0.02.csv,1546.3274365040672
H_0.08_V_0.02.csv,1524.9650628791344
H_-0.08_V_-0.03.csv,1124.4061998120762
H_0.08_V_-0.03.csv,1506.2006729465977
H_-0.08_V_-0.04.csv,1076.5193695135843
H_-0.08_V_0.04.csv,910.6541068576591
H_0.08_V_0.04.csv,1776.9379622284587
H_-0.08_V_0.05.csv,2368.4909908205836
H_0.08_V_-0.05.csv,1052.721422217801
H_-0.08_V_-0.06.csv,808.0433732393221
H_0.08_V_-0.10.csv,1141.5189158861388
H_-0.09_V_0.00.csv,1172.850031378132
H_0.09_V_0.00.csv,1211.2428422454448
H_-0.09_V_-0.01.csv,982.2780558678365
H_-0.09_V_0.01.csv,1350.770945803893
H_0.09_V_-0.01.csv,1462.528989913656
H_0.09_V_0.01.csv,1063.1533792668527
H_0.09_V_0.02.csv,1097.8067049948786
H_-0.09_V_0.04.csv,1286.6075074706232
H_-0.09_V_0.05.csv,1774.524917966966
H_0.09_V_0.05.csv,1659.057480321563
H_0.09_V_0.06.csv,1600.567590065726
H_-0.09_V_0.07.csv,792.8119610671522
H_0.10_V_-0.01.csv,1074.0386897889384
H_-0.10_V_0.02.csv,1110.4460247442573
H_-0.10_V_0.03.csv,888.7674356129035
H_0.10_V_-0.03.csv,972.4660184909892
H_0.10_V_-0.04.csv,817.2640259095164
H_0.10_V_0.04.csv,1142.7471173991808
H_0.10_V_-0.05.csv,1003.4538952211252
H_0.11_V_0.01.csv,839.461279360582
