H_0.00_V_0.00.csv,1065.926616405361
H_0.00_V_-0.01.csv,1243.4067554856015
H_0.00_V_0.01.csv,1078.852915172977
H_0.00_V_-0.02.csv,937.8971216561002
H_0.00_V_0.02.csv,1247.12575309857
H_0.00_V_-0.03.csv,1312.771107250026
H_0.00_V_-0.04.csv,1331.994316071443
H_0.00_V_0.04.csv,999.4863955802244
H_0.00_V_-0.05.csv,1206.2826140710404
H_0.00_V_0.05.csv,1085.8091943251784
H_0.00_V_-0.07.csv,911.8384833300972
H_0.00_V_0.08.csv,1098.5235344065295
H_0.00_V_-0.10.csv,1301.6180961832852
H_0.00_V_0.10.csv,988.9800539380549
H_0.00_V_0.12.csv,1049.5714900021483
H_-0.01_V_0.00.csv,1367.104278774813
H_0.01_V_0.00.csv,978.7666741379339
H_0.01_V_0.01.csv,1199.534132000895
H_-0.01_V_-0.02.csv,1143.200120743645
H_-0.01_V_0.02.csv,893.3902827084748
H_0.01_V_0.02.csv,1378.3913546952074
H_-0.01_V_-0.03.csv,1599.57122169275
H_0.01_V_-0.03.csv,1061.5525673507773
H_0.01_V_0.03.csv,1172.2736815472217
H_-0.01_V_-0.04.csv,870.8747959671382
H_-0.01_V_0.04.csv,1260.4854464360167
H_0.01_V_-0.04.csv,1074.779201694212
H_0.01_V_0.04.csv,1087.8979570011047
H_0.01_V_0.05.csv,1061.168417262223
H_-0.01_V_-0.06.csv,1342.9048317873405
H_-0.01_V_0.06.csv,1218.0013254552891
H_0.01_V_0.06.csv,953.0779615005524
H_-0.01_V_-0.07.csv,1172.799622801164
H_-0.01_V_0.08.csv,1438.6868218132076
H_0.01_V_0.09.csv,1190.509060008491
H_-0.01_V_-0.10.csv,953.7178747049171
H_0.01_V_-0.10.csv,918.8685252938556
H_0.01_V_0.10.csv,1047.873461240816
H_-0.01_V_-0.11.csv,1095.1148463509005
H_0.01_V_-0.11.csv,1344.7898954005207
H_0.01_V_0.11.csv,1526.4772225014635
H_-0.02_V_0.00.csv,1231.3609332404008
H_0.02_V_0.00.csv,1276.5369743220626
H_-0.02_V_0.01.csv,1139.8190437130079
H_0.02_V_0.01.csv,1189.1524138991504
H_-0.02_V_-0.02.csv,1182.041683250276
H_0.02_V_-0.02.csv,1305.7002220544896
H_-0.02_V_-0.03.csv,1000.4731095476584
H_-0.02_V_0.03.csv,1058.6403281151686
H_0.02_V_-0.03.csv,1536.8238008239557
H_0.02_V_0.03.csv,896.6407763752467
H_-0.02_V_0.04.csv,1169.600700835752
H_-0.02_V_-0.05.csv,1236.2883003394172
H_-0.02_V_0.05.csv,1048.5181618885872
H_0.02_V_-0.05.csv,1606.8413784392774
H_0.02_V_0.05.csv,1366.9635765700157
H_-0.02_V_0.06.csv,1333.1287367509285
H_0.02_V_0.06.csv,1381.9300166724356
H_-0.02_V_-0.07.csv,1405.9133904914977
H_0.02_V_-0.07.csv,2120.5752801032627
H_0.02_V_0.07.csv,990.7681743589992
H_-0.02_V_-0.08.csv,1023.6464783096247
H_-0.02_V_0.08.csv,1150.8222838025772
H_0.02_V_-0.08.csv,1067.088259827485
H_0.02_V_0.08.csv,1598.8336248322976
H_-0.02_V_-0.09.csv,1220.8951097416616
H_-0.02_V_0.09.csv,1453.9320109778519
H_0.02_V_0.09.csv,1656.2637475601587
H_-0.02_V_0.10.csv,1133.4966093629405
H_0.02_V_-0.10.csv,1198.6157119488541
H_0.02_V_0.10.csv,975.1913800284275
H_-0.02_V_-0.11.csv,1248.3126521733536
H_-0.02_V_0.11.csv,741.3020060849453
H_0.02_V_-0.11.csv,1466.262910853552
H_-0.02_V_0.12.csv,1286.8984343235425
H_0.02_V_0.12.csv,1338.7605899571486
H_-0.03_V_0.00.csv,1234.6066398076798
H_0.03_V_0.00.csv,1074.8289072809587
H_-0.03_V_-0.01.csv,1237.9308520677523
H_-0.03_V_0.01.csv,1283.5272703042117
H_0.03_V_-0.01.csv,1158.264661388488
H_0.03_V_0.01.csv,947.3295396441265
H_-0.03_V_-0.02.csv,1544.8927730172013
H_0.03_V_-0.02.csv,1314.6834728222777
H_0.03_V_0.02.csv,1441.3844715269556
H_-0.03_V_-0.03.csv,914.2282021975091
H_-0.03_V_0.03.csv,1658.3155005638669
H_0.03_V_-0.03.csv,1042.7791673924232
H_-0.03_V_-0.04.csv,1543.2320203444995
H_-0.03_V_0.04.csv,1078.740651752721
H_0.03_V_-0.04.csv,1782.0130543508894
H_0.03_V_0.04.csv,1270.6770403880432
H_-0.03_V_0.05.csv,1503.6045189580095
H_0.03_V_0.05.csv,1083.7092439571857
H_-0.03_V_-0.06.csv,1454.4712021034934
H_-0.03_V_0.06.csv,1230.2849081958439
H_0.03_V_-0.06.csv,1054.3884497125232
H_-0.03_V_-0.07.csv,968.0106156540116
H_-0.03_V_0.07.csv,1265.7010396185724
H_0.03_V_-0.07.csv,1161.053349531698
H_0.03_V_0.08.csv,1268.4593575042788
H_-0.03_V_0.09.csv,1282.8751309201107
H_0.03_V_-0.09.csv,1574.0976899999393
H_-0.03_V_0.10.csv,1093.662843267155
H_0.03_V_0.10.csv,1017.9734551583895
H_-0.03_V_0.11.csv,1068.8428679088997
H_-0.03_V_0.12.csv,1329.585296043166
H_0.03_V_0.13.csv,1347.271016175381
H_-0.04_V_0.00.csv,981.8435090024846
H_0.04_V_0.00.csv,1459.1146174026617
H_-0.04_V_0.01.csv,1143.818578762438
H_0.04_V_-0.01.csv,1103.7398377534041
H_-0.04_V_-0.02.csv,1534.0183297553826
H_-0.04_V_0.02.csv,1384.7854111882734
H_0.04_V_-0.02.csv,1581.5959298173689
H_0.04_V_0.02.csv,1132.9729693414206
H_-0.04_V_0.03.csv,750.8604868566256
H_0.04_V_-0.03.csv,986.9201384513258
H_0.04_V_0.03.csv,1603.9079940779338
H_-0.04_V_0.04.csv,1450.5009512532415
H_0.04_V_-0.04.csv,1215.8656894583028
H_0.04_V_0.04.csv,1533.718708033015
H_-0.04_V_-0.05.csv,1358.4511937384063
H_-0.04_V_0.05.csv,1521.033899405214
H_0.04_V_-0.05.csv,995.2128862045519
H_0.04_V_-0.06.csv,880.4567753515391
H_0.04_V_0.06.csv,1274.6586602057212
H_0.04_V_-0.07.csv,1960.514551993414
H_0.04_V_0.07.csv,931.2601032679659
H_-0.04_V_-0.08.csv,1001.4548273255164
H_-0.04_V_0.08.csv,1310.9785092706002
H_0.04_V_0.08.csv,1402.663907672956
H_-0.04_V_-0.09.csv,1117.6105850465754
H_-0.04_V_0.09.csv,1280.239697843103
H_-0.04_V_0.10.csv,1113.761034635323
H_0.04_V_0.10.csv,1418.8483784747914
H_-0.04_V_-0.11.csv,1108.294869095451
H_-0.04_V_0.11.csv,1362.4738760828254
H_-0.05_V_0.00.csv,1279.0790103192678
H_0.05_V_0.00.csv,1060.5022618550606
H_0.05_V_-0.01.csv,854.4526574183445
H_0.05_V_0.01.csv,786.0599840565108
H_-0.05_V_-0.02.csv,1240.5644586258456
H_-0.05_V_0.02.csv,1048.9462396192448
H_0.05_V_-0.02.csv,1499.3080498131696
H_0.05_V_0.02.csv,1395.009914023343
H_-0.05_V_-0.03.csv,1718.3737458531693
H_0.05_V_-0.03.csv,1346.1902971857378
H_0.05_V_0.03.csv,1233.196309337904
H_-0.05_V_0.04.csv,1156.3601051591233
H_0.05_V_-0.04.csv,1349.4207630693822
H_0.05_V_0.04.csv,1196.7743785542784
H_-0.05_V_0.05.csv,592.916310111622
H_0.05_V_0.05.csv,1012.6946653769472
H_-0.05_V_0.06.csv,1368.2262772580007
H_0.05_V_0.06.csv,1553.8621911248094
H_-0.05_V_0.07.csv,1117.2112811863808
H_0.05_V_-0.07.csv,1039.4868522440415
H_0.05_V_0.08.csv,1257.7914103837843
H_-0.05_V_0.09.csv,962.0053346055715
H_0.05_V_-0.10.csv,805.7236910641209
H_0.06_V_0.00.csv,1112.574509284761
H_-0.06_V_-0.01.csv,1172.223467227608
H_-0.06_V_0.01.csv,1055.213798907011
H_-0.06_V_0.02.csv,1064.436865841325
H_0.06_V_-0.02.csv,1174.9563384178794
H_0.06_V_0.02.csv,1248.1757399017288
H_-0.06_V_-0.03.csv,1074.7489724415118
H_0.06_V_-0.03.csv,922.1410468188628
H_-0.06_V_-0.04.csv,1027.161162434733
H_-0.06_V_0.04.csv,938.251130671263
H_-0.06_V_-0.05.csv,1418.6399466155444
H_0.06_V_0.06.csv,922.6521855815629
H_-0.06_V_-0.08.csv,1002.8824631120995
H_-0.06_V_0.08.csv,1112.2091501901323
H_-0.06_V_0.09.csv,1108.0570305508068
H_0.06_V_0.10.csv,905.700711099825
H_0.06_V_0.11.csv,988.879627037383
H_-0.07_V_0.00.csv,659.6288662483964
H_0.07_V_0.00.csv,1473.4524302116647
H_-0.07_V_-0.01.csv,813.3397043369813
H_-0.07_V_0.01.csv,906.2923587371976
H_-0.07_V_-0.02.csv,1093.215622623114
H_-0.07_V_0.02.csv,948.9986165058996
H_0.07_V_0.02.csv,1474.4301102031434
H_-0.07_V_0.03.csv,881.4589256020842
H_0.07_V_-0.03.csv,913.256035541195
H_0.07_V_0.03.csv,1125.615597500351
H_-0.07_V_0.04.csv,1176.9414710051951
H_0.07_V_0.06.csv,898.0773042112929
H_-0.07_V_0.07.csv,2166.5213134816286
H_-0.07_V_-0.08.csv,964.7385163933402
H_-0.07_V_-0.10.csv,746.109015308655
H_-0.07_V_0.12.csv,641.2107938244498
H_-0.08_V_0.00.csv,758.2129305731478
H_0.08_V_0.00.csv,842.7110985487946
H_-0.08_V_-0.01.csv,1016.7182822353242
H_-0.08_V_0.01.csv,1140.703989398505
H_0.08_V_-0.01.csv,1457.539036076792
H_0.08_V_0.01.csv,919.7867792207528
H_-0.08_V_0.02.csv,1408.480506250777
H_0.08_V_0.02.csv,1386.7950166083504
H_-0.08_V_-0.03.csv,872.9767642727957
H_0.08_V_-0.03.csv,1438.0000840538414
H_-0.08_V_-0.04.csv,1009.8536077463091
H_-0.08_V_0.04.csv,931.1126166457092
H_0.08_V_0.04.csv,1782.914490790625
H_-0.08_V_0.05.csv,2055.258352881556
H_0.08_V_-0.05.csv,933.234313655538
H_-0.08_V_-0.06.csv,797.6436740116808
H_0.08_V_-0.10.csv,862.3840480955214
H_-0.09_V_0.00.csv,1239.0797571779885
H_0.09_V_0.00.csv,1257.9744060178323
H_-0.09_V_-0.01.csv,884.3217560215367
H_-0.09_V_0.01.csv,1329.3129895399254
H_0.09_V_-0.01.csv,1350.8256838790778
H_0.09_V_0.01.csv,1173.7864983013928
H_0.09_V_0.02.csv,1078.5021504857923
H_-0.09_V_0.04.csv,933.4106387389295
H_-0.09_V_0.05.csv,1585.3263643086245
H_0.09_V_0.05.csv,1476.5125372334887
H_0.09_V_0.06.csv,1386.9030263955492
H_-0.09_V_0.07.csv,753.408080665544
H_0.10_V_-0.01.csv,938.6124059672688
H_-0.10_V_0.02.csv,1323.2851996820618
H_-0.10_V_0.03.csv,813.0173083644902
H_0.10_V_-0.03.csv,840.0792337094513
H_0.10_V_-0.04.csv,793.0715080030972
H_0.10_V_0.04.csv,959.7738227900456
H_0.10_V_-0.05.csv,808.6509172604929
H_0.11_V_0.01.csv,681.2979987203773
