H_0.00_V_0.00.csv,1284.531727575816
H_0.00_V_-0.01.csv,1398.572398723897
H_0.00_V_0.01.csv,1001.1429463791056
H_0.00_V_-0.02.csv,1109.6341350168354
H_0.00_V_0.02.csv,1224.9992367161171
H_0.00_V_-0.03.csv,1546.665300130298
H_0.00_V_-0.04.csv,1772.5983197268868
H_0.00_V_0.04.csv,1230.071158277453
H_0.00_V_-0.05.csv,1087.8902576827954
H_0.00_V_0.05.csv,1208.6916446099049
H_0.00_V_-0.07.csv,1114.1543336753837
H_0.00_V_0.08.csv,1314.9654345010897
H_0.00_V_-0.10.csv,1245.986089564887
H_0.00_V_0.10.csv,1222.0836186894219
H_0.00_V_0.12.csv,1317.2481257632585
H_-0.01_V_0.00.csv,1462.6133018508147
H_0.01_V_0.00.csv,1121.032441413508
H_0.01_V_0.01.csv,1207.6366964143674
H_-0.01_V_-0.02.csv,1347.1073297068715
H_-0.01_V_0.02.csv,1117.7625137498578
H_0.01_V_0.02.csv,1748.0928180234453
H_-0.01_V_-0.03.csv,1616.8154436309223
H_0.01_V_-0.03.csv,1215.1021242925663
H_0.01_V_0.03.csv,1277.6579340736066
H_-0.01_V_-0.04.csv,1019.449666757182
H_-0.01_V_0.04.csv,1518.2499616725772
H_0.01_V_-0.04.csv,1155.6092440958669
H_0.01_V_0.04.csv,1243.7050220858746
H_0.01_V_0.05.csv,1086.9501370376324
H_-0.01_V_-0.06.csv,1528.8287315685616
H_-0.01_V_0.06.csv,1334.5179801973172
H_0.01_V_0.06.csv,1184.1652152105373
H_-0.01_V_-0.07.csv,1461.7064680662434
H_-0.01_V_0.08.csv,1627.9338375752382
H_0.01_V_0.09.csv,1323.5580112873567
H_-0.01_V_-0.10.csv,937.7700446630662
H_0.01_V_-0.10.csv,1071.1165401941128
H_0.01_V_0.10.csv,1116.1215040405
H_-0.01_V_-0.11.csv,1300.8235826860787
H_0.01_V_-0.11.csv,1738.7839793866815
H_0.01_V_0.11.csv,1638.0082152236037
H_-0.02_V_0.00.csv,1321.8885343981844
H_0.02_V_0.00.csv,1308.2620957111321
H_-0.02_V_0.01.csv,1053.4589614358122
H_0.02_V_0.01.csv,1302.5331778819168
H_-0.02_V_-0.02.csv,1482.6148589799352
H_0.02_V_-0.02.csv,1427.101241963007
H_-0.02_V_-0.03.csv,1190.2776346973005
H_-0.02_V_0.03.csv,1228.9807482959538
H_0.02_V_-0.03.csv,1474.3917522267222
H_0.02_V_0.03.csv,1034.4975160479962
H_-0.02_V_0.04.csv,1520.1552666717716
H_-0.02_V_-0.05.csv,1423.4036074209357
H_-0.02_V_0.05.csv,1195.1284677691199
H_0.02_V_-0.05.csv,1753.604023078008
H_0.02_V_0.05.csv,1479.8501982054963
H_-0.02_V_0.06.csv,1595.1686668363695
H_0.02_V_0.06.csv,1428.0089981314331
H_-0.02_V_-0.07.csv,1792.6554427032577
H_0.02_V_-0.07.csv,2509.3489080011245
H_0.02_V_0.07.csv,1300.4966201114353
H_-0.02_V_-0.08.csv,1058.2919301557406
H_-0.02_V_0.08.csv,1263.968686646035
H_0.02_V_-0.08.csv,1025.33789545311
H_0.02_V_0.08.csv,1793.005023030986
H_-0.02_V_-0.09.csv,1293.1555268895881
H_-0.02_V_0.09.csv,1451.3045456284283
H_0.02_V_0.09.csv,2244.7910308189435
H_-0.02_V_0.10.csv,1336.6245481723497
H_0.02_V_-0.10.csv,1394.5744264346995
H_0.02_V_0.10.csv,1146.5462868735863
H_-0.02_V_-0.11.csv,1438.2447887024102
H_-0.02_V_0.11.csv,817.2809264187954
H_0.02_V_-0.11.csv,1530.877610618518
H_-0.02_V_0.12.csv,1365.5195839138437
H_0.02_V_0.12.csv,1317.5041527534652
H_-0.03_V_0.00.csv,1065.0878546033348
H_0.03_V_0.00.csv,1152.4136065854655
H_-0.03_V_-0.01.csv,1355.0992748430435
H_-0.03_V_0.01.csv,1301.054137924377
H_0.03_V_-0.01.csv,1300.7174853196966
H_0.03_V_0.01.csv,1175.9602282825003
H_-0.03_V_-0.02.csv,1267.811533104568
H_0.03_V_-0.02.csv,1499.2088541788432
H_0.03_V_0.02.csv,1711.5852458650506
H_-0.03_V_-0.03.csv,1078.1177495606705
H_-0.03_V_0.03.csv,1866.1680634715653
H_0.03_V_-0.03.csv,1118.785827512566
H_-0.03_V_-0.04.csv,1501.3043226032546
H_-0.03_V_0.04.csv,1413.492018493454
H_0.03_V_-0.04.csv,1634.5437135710154
H_0.03_V_0.04.csv,1443.7907869526966
H_-0.03_V_0.05.csv,1389.251516269545
H_0.03_V_0.05.csv,1164.5625221544185
H_-0.03_V_-0.06.csv,1334.8805308153164
H_-0.03_V_0.06.csv,1295.0435430781495
H_0.03_V_-0.06.csv,1057.8779352495185
H_-0.03_V_-0.07.csv,1066.35279966174
H_-0.03_V_0.07.csv,1583.144918595587
H_0.03_V_-0.07.csv,1274.18435246502
H_0.03_V_0.08.csv,1426.9562847130544
H_-0.03_V_0.09.csv,1340.1711669216952
H_0.03_V_-0.09.csv,1519.5749097581622
H_-0.03_V_0.10.csv,1140.7480808831658
H_0.03_V_0.10.csv,1181.9980762120013
H_-0.03_V_0.11.csv,1292.6771810547611
H_-0.03_V_0.12.csv,1248.5803441416936
H_0.03_V_0.13.csv,1287.809412946135
H_-0.04_V_0.00.csv,1267.419469006953
H_0.04_V_0.00.csv,1424.5863177706844
H_-0.04_V_0.01.csv,1197.5802674284473
H_0.04_V_-0.01.csv,1245.542318885796
H_-0.04_V_-0.02.csv,1786.2774532028811
H_-0.04_V_0.02.csv,1239.3876930395202
H_0.04_V_-0.02.csv,1555.534775109214
H_0.04_V_0.02.csv,1398.0628171300457
H_-0.04_V_0.03.csv,833.5155737732312
H_0.04_V_-0.03.csv,1094.165703113014
H_0.04_V_0.03.csv,1515.9938442553064
H_-0.04_V_0.04.csv,1491.6859617561208
H_0.04_V_-0.04.csv,1387.540293952984
H_0.04_V_0.04.csv,1714.014666708337
H_-0.04_V_-0.05.csv,1579.8761798900948
H_-0.04_V_0.05.csv,1625.5420217644846
H_0.04_V_-0.05.csv,1343.3017095168616
H_0.04_V_-0.06.csv,1025.4265407754547
H_0.04_V_0.06.csv,1467.861853560222
H_0.04_V_-0.07.csv,2029.3530952669246
H_0.04_V_0.07.csv,1108.2642930764487
H_-0.04_V_-0.08.csv,1089.8378263203372
H_-0.04_V_0.08.csv,1407.7582425453002
H_0.04_V_0.08.csv,1516.439468921224
H_-0.04_V_-0.09.csv,1128.318394702003
H_-0.04_V_0.09.csv,1342.4377449826704
H_-0.04_V_0.10.csv,1369.4322060308616
H_0.04_V_0.10.csv,1617.0188303760838
H_-0.04_V_-0.11.csv,1429.5856376502243
H_-0.04_V_0.11.csv,1483.0102760211917
H_-0.05_V_0.00.csv,1395.9595615249523
H_0.05_V_0.00.csv,1294.5513398857584
H_0.05_V_-0.01.csv,942.2995664640794
H_0.05_V_0.01.csv,747.3548021775866
H_-0.05_V_-0.02.csv,1332.9819943903449
H_-0.05_V_0.02.csv,1141.3009624474278
H_0.05_V_-0.02.csv,1455.5955689701038
H_0.05_V_0.02.csv,1519.0001519410234
H_-0.05_V_-0.03.csv,1811.278827343661
H_0.05_V_-0.03.csv,1466.224484752602
H_0.05_V_0.03.csv,1334.686251355955
H_-0.05_V_0.04.csv,1229.331041270505
H_0.05_V_-0.04.csv,1393.5900249581155
H_0.05_V_0.04.csv,1416.4273872701078
H_-0.05_V_0.05.csv,815.285860364142
H_0.05_V_0.05.csv,1202.3333966497478
H_-0.05_V_0.06.csv,1463.4222038981716
H_0.05_V_0.06.csv,1975.9108186755989
H_-0.05_V_0.07.csv,1231.6177922554612
H_0.05_V_-0.07.csv,1180.1895244425014
H_0.05_V_0.08.csv,1283.6118751901588
H_-0.05_V_0.09.csv,1167.998474492905
H_0.05_V_-0.10.csv,804.812093455974
H_0.06_V_0.00.csv,1173.3397481844968
H_-0.06_V_-0.01.csv,974.4543360130349
H_-0.06_V_0.01.csv,1055.6561319971083
H_-0.06_V_0.02.csv,1060.322719065839
H_0.06_V_-0.02.csv,1222.8580680545138
H_0.06_V_0.02.csv,1423.6848632789684
H_-0.06_V_-0.03.csv,1414.9376648951052
H_0.06_V_-0.03.csv,940.091616544317
H_-0.06_V_-0.04.csv,1061.9161319959596
H_-0.06_V_0.04.csv,1070.6924883328818
H_-0.06_V_-0.05.csv,1407.7451741837049
H_0.06_V_0.06.csv,1084.611218858385
H_-0.06_V_-0.08.csv,1058.1676747719307
H_-0.06_V_0.08.csv,1283.448218098062
H_-0.06_V_0.09.csv,1181.924815828402
H_0.06_V_0.10.csv,1120.2422283386975
H_0.06_V_0.11.csv,1083.7991490258148
H_-0.07_V_0.00.csv,948.8534782653074
H_0.07_V_0.00.csv,1422.6451911599045
H_-0.07_V_-0.01.csv,1029.3516307935618
H_-0.07_V_0.01.csv,1043.417769358558
H_-0.07_V_-0.02.csv,1232.4676256175685
H_-0.07_V_0.02.csv,1029.7688797291619
H_0.07_V_0.02.csv,1359.300420994297
H_-0.07_V_0.03.csv,1333.225394676938
H_0.07_V_-0.03.csv,1021.6635002873107
H_0.07_V_0.03.csv,1197.8065912033037
H_-0.07_V_0.04.csv,1356.9789540953504
H_0.07_V_0.06.csv,917.7785631194365
H_-0.07_V_0.07.csv,2266.086518435893
H_-0.07_V_-0.08.csv,958.6080393097692
H_-0.07_V_-0.10.csv,962.1091533935231
H_-0.07_V_0.12.csv,882.3160892928967
H_-0.08_V_0.00.csv,735.489275226246
H_0.08_V_0.00.csv,839.2174426655856
H_-0.08_V_-0.01.csv,859.2647004551176
H_-0.08_V_0.01.csv,1238.426856835075
H_0.08_V_-0.01.csv,1546.0501931321471
H_0.08_V_0.01.csv,890.9728683621304
H_-0.08_V_0.02.csv,1532.3910235747144
H_0.08_V_0.02.csv,1470.1187710428915
H_-0.08_V_-0.03.csv,1155.5224343033926
H_0.08_V_-0.03.csv,1462.8189817013597
H_-0.08_V_-0.04.csv,1137.5914341897992
H_-0.08_V_0.04.csv,961.8838694726468
H_0.08_V_0.04.csv,1819.5485191191847
H_-0.08_V_0.05.csv,2256.963424980869
H_0.08_V_-0.05.csv,1084.3333156026088
H_-0.08_V_-0.06.csv,826.5422104345097
H_0.08_V_-0.10.csv,1155.6761548377629
H_-0.09_V_0.00.csv,1185.495035550787
H_0.09_V_0.00.csv,1143.5885122011896
H_-0.09_V_-0.01.csv,1014.0177215956971
H_-0.09_V_0.01.csv,1308.5007649079319
H_0.09_V_-0.01.csv,1357.8441934774323
H_0.09_V_0.01.csv,973.8552266011195
H_0.09_V_0.02.csv,991.3187830129111
H_-0.09_V_0.04.csv,1375.4924360989298
H_-0.09_V_0.05.csv,1865.2722274110367
H_0.09_V_0.05.csv,1630.4945808843652
H_0.09_V_0.06.csv,1549.6669659589577
H_-0.09_V_0.07.csv,776.185470298159
H_0.10_V_-0.01.csv,1190.0780994327176
H_-0.10_V_0.02.csv,1071.5146668583093
H_-0.10_V_0.03.csv,835.5243275399883
H_0.10_V_-0.03.csv,1040.2844391595354
H_0.10_V_-0.04.csv,791.8266104789916
H_0.10_V_0.04.csv,1117.2666434648966
H_0.10_V_-0.05.csv,1015.7515484361741
H_0.11_V_0.01.csv,835.3596513221687
