H_0.00_V_0.00.csv,1003.5304842348639
H_0.00_V_-0.01.csv,1269.998523835099
H_0.00_V_0.01.csv,1038.9562693006878
H_0.00_V_-0.02.csv,914.5772869275787
H_0.00_V_0.02.csv,1149.6045567210388
H_0.00_V_-0.03.csv,1338.0038590692493
H_0.00_V_-0.04.csv,1326.076101237611
H_0.00_V_0.04.csv,916.557072910789
H_0.00_V_-0.05.csv,1198.1276755169522
H_0.00_V_0.05.csv,1045.4541000104305
H_0.00_V_-0.07.csv,884.3305673773789
H_0.00_V_0.08.csv,1037.4901155311334
H_0.00_V_-0.10.csv,1220.253029413469
H_0.00_V_0.10.csv,960.8105963982387
H_0.00_V_0.12.csv,1123.3479986781988
H_-0.01_V_0.00.csv,1304.2103453411792
H_0.01_V_0.00.csv,986.8872212752049
H_0.01_V_0.01.csv,1259.6312612711386
H_-0.01_V_-0.02.csv,1150.3065329100593
H_-0.01_V_0.02.csv,919.6951304187062
H_0.01_V_0.02.csv,1464.3246543430455
H_-0.01_V_-0.03.csv,1522.961813297482
H_0.01_V_-0.03.csv,1064.2309641700922
H_0.01_V_0.03.csv,1182.0293085379185
H_-0.01_V_-0.04.csv,829.1368422218211
H_-0.01_V_0.04.csv,1289.0828027134162
H_0.01_V_-0.04.csv,1083.592470490691
H_0.01_V_0.04.csv,1077.5691715823082
H_0.01_V_0.05.csv,1049.6716187041989
H_-0.01_V_-0.06.csv,1293.972684233291
H_-0.01_V_0.06.csv,1178.140175019089
H_0.01_V_0.06.csv,937.0554130417893
H_-0.01_V_-0.07.csv,1216.2612608981785
H_-0.01_V_0.08.csv,1394.4927306305772
H_0.01_V_0.09.csv,1184.3016009765774
H_-0.01_V_-0.10.csv,854.9744164585557
H_0.01_V_-0.10.csv,871.3156536508577
H_0.01_V_0.10.csv,1027.16952095823
H_-0.01_V_-0.11.csv,1055.053631705267
H_0.01_V_-0.11.csv,1391.8230355507626
H_0.01_V_0.11.csv,1434.627222811137
H_-0.02_V_0.00.csv,1231.7127479258422
H_0.02_V_0.00.csv,1256.8536980931176
H_-0.02_V_0.01.csv,1125.1148566840802
H_0.02_V_0.01.csv,1146.4090509801836
H_-0.02_V_-0.02.csv,1227.5431402906668
H_0.02_V_-0.02.csv,1269.567135189899
H_-0.02_V_-0.03.csv,968.3403566115387
H_-0.02_V_0.03.csv,1053.8161616926366
H_0.02_V_-0.03.csv,1507.420204607025
H_0.02_V_0.03.csv,825.3873854287765
H_-0.02_V_0.04.csv,1235.1412550053503
H_-0.02_V_-0.05.csv,1235.7252092434376
H_-0.02_V_0.05.csv,1088.115468234727
H_0.02_V_-0.05.csv,1656.619735897321
H_0.02_V_0.05.csv,1445.5495944872855
H_-0.02_V_0.06.csv,1348.4411553061746
H_0.02_V_0.06.csv,1250.6555486541595
H_-0.02_V_-0.07.csv,1452.190161475384
H_0.02_V_-0.07.csv,2196.5562101037976
H_0.02_V_0.07.csv,1050.735887138622
H_-0.02_V_-0.08.csv,1005.8660714442815
H_-0.02_V_0.08.csv,1126.6089865908198
H_0.02_V_-0.08.csv,960.5863145302742
H_0.02_V_0.08.csv,1577.4454344765875
H_-0.02_V_-0.09.csv,1112.5868834244636
H_-0.02_V_0.09.csv,1445.7725418640325
H_0.02_V_0.09.csv,1720.5484110846733
H_-0.02_V_0.10.csv,1111.3025557762958
H_0.02_V_-0.10.csv,1194.906681595346
H_0.02_V_0.10.csv,987.1841633968739
H_-0.02_V_-0.11.csv,1253.297126877896
H_-0.02_V_0.11.csv,703.3800780865195
H_0.02_V_-0.11.csv,1430.1774678179167
H_-0.02_V_0.12.csv,1204.4294609546816
H_0.02_V_0.12.csv,1255.484584721372
H_-0.03_V_0.00.csv,1234.52091302612
H_0.03_V_0.00.csv,1064.020272947491
H_-0.03_V_-0.01.csv,1239.9499970803686
H_-0.03_V_0.01.csv,1314.8980566107625
H_0.03_V_-0.01.csv,1167.0759243263958
H_0.03_V_0.01.csv,966.3014284118962
H_-0.03_V_-0.02.csv,1405.818305151498
H_0.03_V_-0.02.csv,1278.5742493737578
H_0.03_V_0.02.csv,1455.1461094017004
H_-0.03_V_-0.03.csv,889.8847471519745
H_-0.03_V_0.03.csv,1628.1485969796631
H_0.03_V_-0.03.csv,1059.8098778837725
H_-0.03_V_-0.04.csv,1496.8535898042312
H_-0.03_V_0.04.csv,1119.708185633246
H_0.03_V_-0.04.csv,1569.824224845398
H_0.03_V_0.04.csv,1291.9558155666414
H_-0.03_V_0.05.csv,1324.3609401759395
H_0.03_V_0.05.csv,1015.7040694802034
H_-0.03_V_-0.06.csv,1278.2314124968611
H_-0.03_V_0.06.csv,1195.9687051537858
H_0.03_V_-0.06.csv,1022.6426432972653
H_-0.03_V_-0.07.csv,918.1748555929123
H_-0.03_V_0.07.csv,1332.2770183198663
H_0.03_V_-0.07.csv,1129.6538190483216
H_0.03_V_0.08.csv,1223.9353872085276
H_-0.03_V_0.09.csv,1200.2518548963783
H_0.03_V_-0.09.csv,1408.5007059484385
H_-0.03_V_0.10.csv,1056.2759465443912
H_0.03_V_0.10.csv,1000.2440371377679
H_-0.03_V_0.11.csv,1108.8941785616707
H_-0.03_V_0.12.csv,1238.494228782914
H_0.03_V_0.13.csv,1279.2913475394703
H_-0.04_V_0.00.csv,976.511841044935
H_0.04_V_0.00.csv,1320.7244891224211
H_-0.04_V_0.01.csv,1104.0174201354846
H_0.04_V_-0.01.csv,1089.518621192403
H_-0.04_V_-0.02.csv,1523.2135397397947
H_-0.04_V_0.02.csv,1269.5565343807702
H_0.04_V_-0.02.csv,1497.4946463294475
H_0.04_V_0.02.csv,1170.6451641693507
H_-0.04_V_0.03.csv,688.0629633781386
H_0.04_V_-0.03.csv,927.4582044448516
H_0.04_V_0.03.csv,1554.2188586917048
H_-0.04_V_0.04.csv,1346.3824908063284
H_0.04_V_-0.04.csv,1197.6169592495398
H_0.04_V_0.04.csv,1478.6157199643214
H_-0.04_V_-0.05.csv,1343.036866714174
H_-0.04_V_0.05.csv,1509.2699527723746
H_0.04_V_-0.05.csv,1043.637625546124
H_0.04_V_-0.06.csv,890.043588729088
H_0.04_V_0.06.csv,1258.494362167904
H_0.04_V_-0.07.csv,1958.2325726605213
H_0.04_V_0.07.csv,893.4307845449711
H_-0.04_V_-0.08.csv,989.261019092887
H_-0.04_V_0.08.csv,1286.3359428889266
H_0.04_V_0.08.csv,1346.4812240162973
H_-0.04_V_-0.09.csv,1118.2684593974852
H_-0.04_V_0.09.csv,1225.4680294640993
H_-0.04_V_0.10.csv,1090.7755224083485
H_0.04_V_0.10.csv,1493.3096124346694
H_-0.04_V_-0.11.csv,1195.1380497770056
H_-0.04_V_0.11.csv,1278.1024994485956
H_-0.05_V_0.00.csv,1194.1281254085702
H_0.05_V_0.00.csv,1023.8686372462865
H_0.05_V_-0.01.csv,828.024391997122
H_0.05_V_0.01.csv,727.8758157107814
H_-0.05_V_-0.02.csv,1228.270176059908
H_-0.05_V_0.02.csv,1003.76474556105
H_0.05_V_-0.02.csv,1448.7696863536632
H_0.05_V_0.02.csv,1380.1317077097692
H_-0.05_V_-0.03.csv,1709.3379774034825
H_0.05_V_-0.03.csv,1366.89795511911
H_0.05_V_0.03.csv,1236.8388604380984
H_-0.05_V_0.04.csv,1176.3665340779123
H_0.05_V_-0.04.csv,1286.9548861613532
H_0.05_V_0.04.csv,1225.5598477220606
H_-0.05_V_0.05.csv,583.0764376207168
H_0.05_V_0.05.csv,1050.0013796621056
H_-0.05_V_0.06.csv,1346.0088815916924
H_0.05_V_0.06.csv,1493.2928443027179
H_-0.05_V_0.07.csv,1054.2856079339726
H_0.05_V_-0.07.csv,985.8150533520825
H_0.05_V_0.08.csv,1223.3687630459426
H_-0.05_V_0.09.csv,898.529111277333
H_0.05_V_-0.10.csv,733.3072611793023
H_0.06_V_0.00.csv,1001.7855483544831
H_-0.06_V_-0.01.csv,1096.1434865702715
H_-0.06_V_0.01.csv,977.0630208627416
H_-0.06_V_0.02.csv,968.771112326312
H_0.06_V_-0.02.csv,1195.7207857616158
H_0.06_V_0.02.csv,1194.7850219161237
H_-0.06_V_-0.03.csv,1124.72797625298
H_0.06_V_-0.03.csv,833.8208408942288
H_-0.06_V_-0.04.csv,968.5750437193772
H_-0.06_V_0.04.csv,895.4139061456967
H_-0.06_V_-0.05.csv,1381.9394374610397
H_0.06_V_0.06.csv,867.2452322001511
H_-0.06_V_-0.08.csv,942.1000695502903
H_-0.06_V_0.08.csv,1069.187314209833
H_-0.06_V_0.09.csv,1091.282489356845
H_0.06_V_0.10.csv,899.983468174079
H_0.06_V_0.11.csv,954.7542284844781
H_-0.07_V_0.00.csv,630.78704757624
H_0.07_V_0.00.csv,1382.6168847913104
H_-0.07_V_-0.01.csv,819.1635306573735
H_-0.07_V_0.01.csv,827.3950297823865
H_-0.07_V_-0.02.csv,1055.7810176656428
H_-0.07_V_0.02.csv,892.6057693588889
H_0.07_V_0.02.csv,1410.3436439957222
H_-0.07_V_0.03.csv,870.0620333681559
H_0.07_V_-0.03.csv,822.9235358914501
H_0.07_V_0.03.csv,1045.9799405333742
H_-0.07_V_0.04.csv,1133.0738012112893
H_0.07_V_0.06.csv,837.9003949355617
H_-0.07_V_0.07.csv,2092.255912310174
H_-0.07_V_-0.08.csv,918.9525565144434
H_-0.07_V_-0.10.csv,729.264703393952
H_-0.07_V_0.12.csv,605.9451608266976
H_-0.08_V_0.00.csv,681.0908794547457
H_0.08_V_0.00.csv,754.52878432026
H_-0.08_V_-0.01.csv,886.3819567836083
H_-0.08_V_0.01.csv,1119.989033265686
H_0.08_V_-0.01.csv,1406.278539766975
H_0.08_V_0.01.csv,835.0693578379339
H_-0.08_V_0.02.csv,1363.3419301817116
H_0.08_V_0.02.csv,1384.7731312579888
H_-0.08_V_-0.03.csv,857.8514479704625
H_0.08_V_-0.03.csv,1355.5679638128388
H_-0.08_V_-0.04.csv,966.7494154557671
H_-0.08_V_0.04.csv,858.2470665023297
H_0.08_V_0.04.csv,1635.190614243746
H_-0.08_V_0.05.csv,1993.5532666030626
H_0.08_V_-0.05.csv,842.1719187783433
H_-0.08_V_-0.06.csv,720.8520874928079
H_0.08_V_-0.10.csv,804.9865372408574
H_-0.09_V_0.00.csv,1137.9022220478491
H_0.09_V_0.00.csv,1244.9899164045603
H_-0.09_V_-0.01.csv,822.8776380766154
H_-0.09_V_0.01.csv,1320.5177588449023
H_0.09_V_-0.01.csv,1389.2912499278082
H_0.09_V_0.01.csv,1075.844284936603
H_0.09_V_0.02.csv,932.7255214508414
H_-0.09_V_0.04.csv,944.3821216552849
H_-0.09_V_0.05.csv,1551.1486302246972
H_0.09_V_0.05.csv,1439.945551872238
H_0.09_V_0.06.csv,1371.7996892537453
H_-0.09_V_0.07.csv,674.8035436949624
H_0.10_V_-0.01.csv,902.8965267094845
H_-0.10_V_0.02.csv,1175.545782691424
H_-0.10_V_0.03.csv,795.0875735789332
H_0.10_V_-0.03.csv,764.9763395788309
H_0.10_V_-0.04.csv,728.3752181852751
H_0.10_V_0.04.csv,878.359989964637
H_0.10_V_-0.05.csv,798.08862929309
H_0.11_V_0.01.csv,632.170511978157
