H_0.00_V_0.00.csv,773.3996942165857
H_0.00_V_-0.01.csv,767.3652866786691
H_0.00_V_0.01.csv,599.532752805821
H_0.00_V_-0.02.csv,752.2880047854213
H_0.00_V_0.02.csv,798.6547819570519
H_0.00_V_-0.03.csv,886.9014669503067
H_0.00_V_-0.04.csv,997.4234854354979
H_0.00_V_0.04.csv,676.1987977841793
H_0.00_V_-0.05.csv,776.3876823924718
H_0.00_V_0.05.csv,750.5133823622959
H_0.00_V_-0.07.csv,735.1368059087803
H_0.00_V_0.08.csv,820.8236521161429
H_0.00_V_-0.10.csv,809.564870883404
H_0.00_V_0.10.csv,775.9343047519174
H_0.00_V_0.12.csv,749.3194734348347
H_-0.01_V_0.00.csv,743.593175411067
H_0.01_V_0.00.csv,1083.1777016479696
H_0.01_V_0.01.csv,755.0866982948783
H_-0.01_V_-0.02.csv,785.1634306218211
H_-0.01_V_0.02.csv,655.5121854357571
H_0.01_V_0.02.csv,803.649536726103
H_-0.01_V_-0.03.csv,932.8742787659403
H_0.01_V_-0.03.csv,925.7055155313267
H_0.01_V_0.03.csv,630.8435332790477
H_-0.01_V_-0.04.csv,650.9389983257215
H_-0.01_V_0.04.csv,922.2999237495669
H_0.01_V_-0.04.csv,758.4933576375472
H_0.01_V_0.04.csv,767.9392474576428
H_0.01_V_0.05.csv,656.593163900693
H_-0.01_V_-0.06.csv,863.5061132764512
H_-0.01_V_0.06.csv,922.8956717957408
H_0.01_V_0.06.csv,738.4992619653343
H_-0.01_V_-0.07.csv,993.3559397428302
H_-0.01_V_0.08.csv,915.9884847491503
H_0.01_V_0.09.csv,902.4264270000913
H_-0.01_V_-0.10.csv,688.3747664856816
H_0.01_V_-0.10.csv,719.5011349878332
H_0.01_V_0.10.csv,739.2387688962347
H_-0.01_V_-0.11.csv,868.7507770964698
H_0.01_V_-0.11.csv,993.0441309599892
H_0.01_V_0.11.csv,1111.2112155369364
H_-0.02_V_0.00.csv,792.7491364915413
H_0.02_V_0.00.csv,794.6837043062686
H_-0.02_V_0.01.csv,662.2997376405015
H_0.02_V_0.01.csv,711.8819338308672
H_-0.02_V_-0.02.csv,793.9955906592679
H_0.02_V_-0.02.csv,839.7189673776726
H_-0.02_V_-0.03.csv,769.9215417529917
H_-0.02_V_0.03.csv,737.4312135161923
H_0.02_V_-0.03.csv,1015.2610565514761
H_0.02_V_0.03.csv,650.7064117085523
H_-0.02_V_0.04.csv,844.2896036561635
H_-0.02_V_-0.05.csv,1004.822145679645
H_-0.02_V_0.05.csv,816.8031351026689
H_0.02_V_-0.05.csv,903.273939952935
H_0.02_V_0.05.csv,909.4204480100022
H_-0.02_V_0.06.csv,966.0476450508605
H_0.02_V_0.06.csv,1039.657714729747
H_-0.02_V_-0.07.csv,1099.5772635116844
H_0.02_V_-0.07.csv,1480.877693784532
H_0.02_V_0.07.csv,775.8758323213087
H_-0.02_V_-0.08.csv,753.1882308208701
H_-0.02_V_0.08.csv,820.007746856888
H_0.02_V_-0.08.csv,673.8673823257332
H_0.02_V_0.08.csv,1192.7795315740514
H_-0.02_V_-0.09.csv,864.3770890107803
H_-0.02_V_0.09.csv,1068.530322551215
H_0.02_V_0.09.csv,1259.390224108029
H_-0.02_V_0.10.csv,808.8184934635756
H_0.02_V_-0.10.csv,813.0086797875407
H_0.02_V_0.10.csv,798.2703610822225
H_-0.02_V_-0.11.csv,1054.3955153532902
H_-0.02_V_0.11.csv,619.5319673694372
H_0.02_V_-0.11.csv,907.9274048797511
H_-0.02_V_0.12.csv,790.2061561029761
H_0.02_V_0.12.csv,866.6103472540892
H_-0.03_V_0.00.csv,858.734805455565
H_0.03_V_0.00.csv,741.7782113637774
H_-0.03_V_-0.01.csv,700.5151635708305
H_-0.03_V_0.01.csv,759.8968794231881
H_0.03_V_-0.01.csv,837.2870535247137
H_0.03_V_0.01.csv,671.0807449441595
H_-0.03_V_-0.02.csv,816.6686395910974
H_0.03_V_-0.02.csv,904.7744673773664
H_0.03_V_0.02.csv,905.6625078607715
H_-0.03_V_-0.03.csv,737.4732855648294
H_-0.03_V_0.03.csv,1219.7555638931053
H_0.03_V_-0.03.csv,733.4294796383633
H_-0.03_V_-0.04.csv,818.114802078337
H_-0.03_V_0.04.csv,845.3466378484524
H_0.03_V_-0.04.csv,897.7635067935446
H_0.03_V_0.04.csv,923.288595737778
H_-0.03_V_0.05.csv,799.2739775027751
H_0.03_V_0.05.csv,665.2724773836483
H_-0.03_V_-0.06.csv,861.8789642384878
H_-0.03_V_0.06.csv,832.0578365295064
H_0.03_V_-0.06.csv,672.1893405611186
H_-0.03_V_-0.07.csv,685.2671579439887
H_-0.03_V_0.07.csv,977.0042935169039
H_0.03_V_-0.07.csv,789.5034113458735
H_0.03_V_0.08.csv,885.2251730073577
H_-0.03_V_0.09.csv,1005.5945827168048
H_0.03_V_-0.09.csv,944.5986683709743
H_-0.03_V_0.10.csv,778.0846590172022
H_0.03_V_0.10.csv,688.1977425342695
H_-0.03_V_0.11.csv,904.882262282066
H_-0.03_V_0.12.csv,874.2063271324216
H_0.03_V_0.13.csv,886.9302755075878
H_-0.04_V_0.00.csv,752.516410503672
H_0.04_V_0.00.csv,679.7971024977908
H_-0.04_V_0.01.csv,730.05965794747
H_0.04_V_-0.01.csv,708.7177624831666
H_-0.04_V_-0.02.csv,1001.9991134980892
H_-0.04_V_0.02.csv,752.1968212964255
H_0.04_V_-0.02.csv,779.3013243132718
H_0.04_V_0.02.csv,723.0293596305148
H_-0.04_V_0.03.csv,552.7993204856266
H_0.04_V_-0.03.csv,666.5492115411159
H_0.04_V_0.03.csv,802.6602840742441
H_-0.04_V_0.04.csv,723.919757799571
H_0.04_V_-0.04.csv,927.4645708050311
H_0.04_V_0.04.csv,1013.6453085716785
H_-0.04_V_-0.05.csv,1045.167300703246
H_-0.04_V_0.05.csv,879.8697378081614
H_0.04_V_-0.05.csv,712.6197814174277
H_0.04_V_-0.06.csv,656.6468782429822
H_0.04_V_0.06.csv,858.256288379599
H_0.04_V_-0.07.csv,1016.1254233376387
H_0.04_V_0.07.csv,677.7911717048974
H_-0.04_V_-0.08.csv,788.9034668312431
H_-0.04_V_0.08.csv,859.3147235526362
H_0.04_V_0.08.csv,930.1178836047553
H_-0.04_V_-0.09.csv,799.750351519117
H_-0.04_V_0.09.csv,875.5771848986714
H_-0.04_V_0.10.csv,941.8218083650555
H_0.04_V_0.10.csv,1233.4445535869231
H_-0.04_V_-0.11.csv,855.1685395051541
H_-0.04_V_0.11.csv,1068.899964754765
H_-0.05_V_0.00.csv,782.5289195862283
H_0.05_V_0.00.csv,721.2305488878948
H_0.05_V_-0.01.csv,583.1079049265775
H_0.05_V_0.01.csv,569.317480970905
H_-0.05_V_-0.02.csv,867.6315685794356
H_-0.05_V_0.02.csv,683.3710147744346
H_0.05_V_-0.02.csv,863.1701750738198
H_0.05_V_0.02.csv,907.7496193142904
H_-0.05_V_-0.03.csv,1057.7743634639996
H_0.05_V_-0.03.csv,803.601606859781
H_0.05_V_0.03.csv,834.0914911714983
H_-0.05_V_0.04.csv,688.1030815362572
H_0.05_V_-0.04.csv,732.1352762243228
H_0.05_V_0.04.csv,826.783325132043
H_-0.05_V_0.05.csv,544.8534286240699
H_0.05_V_0.05.csv,788.2554942868413
H_-0.05_V_0.06.csv,1025.5994748203818
H_0.05_V_0.06.csv,1124.95729626874
H_-0.05_V_0.07.csv,838.2205502975382
H_0.05_V_-0.07.csv,673.3487550087618
H_0.05_V_0.08.csv,795.0395738156121
H_-0.05_V_0.09.csv,661.3273453549547
H_0.05_V_-0.10.csv,568.0930533524239
H_0.06_V_0.00.csv,643.1600781366355
H_-0.06_V_-0.01.csv,760.0612017977498
H_-0.06_V_0.01.csv,650.0636816223597
H_-0.06_V_0.02.csv,762.8731809222728
H_0.06_V_-0.02.csv,946.5341024850795
H_0.06_V_0.02.csv,942.3123148317587
H_-0.06_V_-0.03.csv,764.962133396703
H_0.06_V_-0.03.csv,659.9215339855346
H_-0.06_V_-0.04.csv,797.6068767804537
H_-0.06_V_0.04.csv,755.8968879049065
H_-0.06_V_-0.05.csv,758.8026784177894
H_0.06_V_0.06.csv,627.2493887614238
H_-0.06_V_-0.08.csv,727.2375755942699
H_-0.06_V_0.08.csv,900.5895617549149
H_-0.06_V_0.09.csv,776.6916091267185
H_0.06_V_0.10.csv,695.1913946847021
H_0.06_V_0.11.csv,700.715801724438
H_-0.07_V_0.00.csv,547.8539628302989
H_0.07_V_0.00.csv,915.7481946418029
H_-0.07_V_-0.01.csv,613.0548155712509
H_-0.07_V_0.01.csv,651.4579109125802
H_-0.07_V_-0.02.csv,703.338533087116
H_-0.07_V_0.02.csv,685.8146917803534
H_0.07_V_0.02.csv,882.3523484463046
H_-0.07_V_0.03.csv,774.3282489263693
H_0.07_V_-0.03.csv,659.273093055039
H_0.07_V_0.03.csv,679.6753805987146
H_-0.07_V_0.04.csv,858.5918207756016
H_0.07_V_0.06.csv,572.5646745930064
H_-0.07_V_0.07.csv,1496.858121203287
H_-0.07_V_-0.08.csv,692.374589528325
H_-0.07_V_-0.10.csv,650.3144196562093
H_-0.07_V_0.12.csv,564.9948470229066
H_-0.08_V_0.00.csv,490.94323122872413
H_0.08_V_0.00.csv,542.6162151211713
H_-0.08_V_-0.01.csv,645.1869904424823
H_-0.08_V_0.01.csv,884.8810994447244
H_0.08_V_-0.01.csv,1049.8944830502899
H_0.08_V_0.01.csv,615.0999153165009
H_-0.08_V_0.02.csv,835.6308148087512
H_0.08_V_0.02.csv,966.2409379028969
H_-0.08_V_-0.03.csv,694.3341297444363
H_0.08_V_-0.03.csv,775.4267517092859
H_-0.08_V_-0.04.csv,750.5547889277958
H_-0.08_V_0.04.csv,706.2818367821035
H_0.08_V_0.04.csv,1199.4120350774333
H_-0.08_V_0.05.csv,1624.1810622635467
H_0.08_V_-0.05.csv,694.4030149601379
H_-0.08_V_-0.06.csv,624.6595004334359
H_0.08_V_-0.10.csv,717.9956587432675
H_-0.09_V_0.00.csv,861.275957017293
H_0.09_V_0.00.csv,789.5610531509597
H_-0.09_V_-0.01.csv,673.5882489228165
H_-0.09_V_0.01.csv,837.330304783334
H_0.09_V_-0.01.csv,762.5147219401332
H_0.09_V_0.01.csv,670.075947994716
H_0.09_V_0.02.csv,600.5614557712795
H_-0.09_V_0.04.csv,795.3650210065584
H_-0.09_V_0.05.csv,1203.5634833548825
H_0.09_V_0.05.csv,894.8948867905012
H_0.09_V_0.06.csv,967.8325697362238
H_-0.09_V_0.07.csv,585.8148330496205
H_0.10_V_-0.01.csv,674.9482020031332
H_-0.10_V_0.02.csv,876.7155007434726
H_-0.10_V_0.03.csv,588.3705911107554
H_0.10_V_-0.03.csv,682.602359230578
H_0.10_V_-0.04.csv,552.7993967450296
H_0.10_V_0.04.csv,736.6051005432414
H_0.10_V_-0.05.csv,665.3349759386338
H_0.11_V_0.01.csv,533.0019885749689
