H_0.00_V_0.00.csv,1009.7250883542254
H_0.00_V_-0.01.csv,871.9501807347917
H_0.00_V_0.01.csv,705.2187993780517
H_0.00_V_-0.02.csv,829.9179545084717
H_0.00_V_0.02.csv,879.1563305798984
H_0.00_V_-0.03.csv,999.0761995373252
H_0.00_V_-0.04.csv,1086.8099847583835
H_0.00_V_0.04.csv,1016.6681924976119
H_0.00_V_-0.05.csv,788.374336312137
H_0.00_V_0.05.csv,858.6852780418287
H_0.00_V_-0.07.csv,776.8965376873276
H_0.00_V_0.08.csv,975.4136028105357
H_0.00_V_-0.10.csv,835.7288010434031
H_0.00_V_0.10.csv,882.4847344092351
H_0.00_V_0.12.csv,882.0371883807218
H_-0.01_V_0.00.csv,954.9434218243697
H_0.01_V_0.00.csv,783.3333570967311
H_0.01_V_0.01.csv,949.6189077795004
H_-0.01_V_-0.02.csv,833.4892180909616
H_-0.01_V_0.02.csv,750.549035047925
H_0.01_V_0.02.csv,938.9335705563144
H_-0.01_V_-0.03.csv,1121.0108470551486
H_0.01_V_-0.03.csv,787.693462017841
H_0.01_V_0.03.csv,882.1764517814634
H_-0.01_V_-0.04.csv,742.4082445432234
H_-0.01_V_0.04.csv,843.8765899734437
H_0.01_V_-0.04.csv,840.5109711592703
H_0.01_V_0.04.csv,748.5476348227819
H_0.01_V_0.05.csv,778.4283321210314
H_-0.01_V_-0.06.csv,1059.6253889700638
H_-0.01_V_0.06.csv,968.1161184370931
H_0.01_V_0.06.csv,862.5179675854655
H_-0.01_V_-0.07.csv,1043.755965421965
H_-0.01_V_0.08.csv,1026.5859743547492
H_0.01_V_0.09.csv,900.5409371649064
H_-0.01_V_-0.10.csv,697.7639936809901
H_0.01_V_-0.10.csv,794.715399861268
H_0.01_V_0.10.csv,790.9549544344036
H_-0.01_V_-0.11.csv,1081.8805497607082
H_0.01_V_-0.11.csv,1111.0025665777257
H_0.01_V_0.11.csv,1157.3922923533933
H_-0.02_V_0.00.csv,894.2433955414631
H_0.02_V_0.00.csv,1012.0226079527334
H_-0.02_V_0.01.csv,674.9873975224178
H_0.02_V_0.01.csv,847.7058238889033
H_-0.02_V_-0.02.csv,827.7780371401894
H_0.02_V_-0.02.csv,871.9389591675167
H_-0.02_V_-0.03.csv,809.1329725756736
H_-0.02_V_0.03.csv,853.5757091079154
H_0.02_V_-0.03.csv,1034.2952883057035
H_0.02_V_0.03.csv,773.8831397545372
H_-0.02_V_0.04.csv,949.175763358136
H_-0.02_V_-0.05.csv,923.0974115232115
H_-0.02_V_0.05.csv,770.4199205736788
H_0.02_V_-0.05.csv,1048.309202844288
H_0.02_V_0.05.csv,1079.5490589736314
H_-0.02_V_0.06.csv,993.2432258647457
H_0.02_V_0.06.csv,1305.8486686047077
H_-0.02_V_-0.07.csv,1164.5931380840402
H_0.02_V_-0.07.csv,1403.0616297311992
H_0.02_V_0.07.csv,1069.2694588926254
H_-0.02_V_-0.08.csv,713.0037367134372
H_-0.02_V_0.08.csv,811.4692183141698
H_0.02_V_-0.08.csv,733.0702640284964
H_0.02_V_0.08.csv,1155.925987864237
H_-0.02_V_-0.09.csv,945.175478808198
H_-0.02_V_0.09.csv,921.7195459252105
H_0.02_V_0.09.csv,1842.0648021509276
H_-0.02_V_0.10.csv,908.3499372986419
H_0.02_V_-0.10.csv,901.745656341959
H_0.02_V_0.10.csv,759.299514651364
H_-0.02_V_-0.11.csv,1030.7015887909397
H_-0.02_V_0.11.csv,628.876160529998
H_0.02_V_-0.11.csv,1187.990486378485
H_-0.02_V_0.12.csv,985.8725534544635
H_0.02_V_0.12.csv,898.7341351675389
H_-0.03_V_0.00.csv,846.5615627952659
H_0.03_V_0.00.csv,762.9417877756905
H_-0.03_V_-0.01.csv,747.673481270091
H_-0.03_V_0.01.csv,873.8497630044372
H_0.03_V_-0.01.csv,823.6977898165484
H_0.03_V_0.01.csv,767.9414688005661
H_-0.03_V_-0.02.csv,845.5309542534335
H_0.03_V_-0.02.csv,1090.0956692842994
H_0.03_V_0.02.csv,886.0150579985136
H_-0.03_V_-0.03.csv,748.9028679225896
H_-0.03_V_0.03.csv,1223.8658609709323
H_0.03_V_-0.03.csv,777.0324997358555
H_-0.03_V_-0.04.csv,980.4759810557958
H_-0.03_V_0.04.csv,837.5624294655336
H_0.03_V_-0.04.csv,1221.1148519790054
H_0.03_V_0.04.csv,973.1903030975222
H_-0.03_V_0.05.csv,1333.7882264321363
H_0.03_V_0.05.csv,847.9024826095127
H_-0.03_V_-0.06.csv,1037.260875665082
H_-0.03_V_0.06.csv,979.3557485577232
H_0.03_V_-0.06.csv,771.3701149430203
H_-0.03_V_-0.07.csv,760.6626038983884
H_-0.03_V_0.07.csv,991.8167694127081
H_0.03_V_-0.07.csv,861.1252587548977
H_0.03_V_0.08.csv,1088.7650608916017
H_-0.03_V_0.09.csv,965.9683335889126
H_0.03_V_-0.09.csv,1046.6218531894992
H_-0.03_V_0.10.csv,796.558335355598
H_0.03_V_0.10.csv,857.9924820579358
H_-0.03_V_0.11.csv,873.020645874071
H_-0.03_V_0.12.csv,866.0154685200409
H_0.03_V_0.13.csv,861.9050824168667
H_-0.04_V_0.00.csv,799.0673813882765
H_0.04_V_0.00.csv,936.6612745967973
H_-0.04_V_0.01.csv,774.5641839076146
H_0.04_V_-0.01.csv,888.1703853853055
H_-0.04_V_-0.02.csv,1112.3725807058047
H_-0.04_V_0.02.csv,819.1178352187985
H_0.04_V_-0.02.csv,1105.3707920316783
H_0.04_V_0.02.csv,765.1447818665997
H_-0.04_V_0.03.csv,646.3844158147588
H_0.04_V_-0.03.csv,792.8024565653917
H_0.04_V_0.03.csv,1018.3127363609428
H_-0.04_V_0.04.csv,970.458709924386
H_0.04_V_-0.04.csv,907.0406125650046
H_0.04_V_0.04.csv,1304.3910322427553
H_-0.04_V_-0.05.csv,1087.814691165164
H_-0.04_V_0.05.csv,1047.5400079675053
H_0.04_V_-0.05.csv,755.078156441979
H_0.04_V_-0.06.csv,711.8208424901673
H_0.04_V_0.06.csv,958.069907781477
H_0.04_V_-0.07.csv,1287.0076545617678
H_0.04_V_0.07.csv,753.2419363729939
H_-0.04_V_-0.08.csv,786.7541860030246
H_-0.04_V_0.08.csv,958.3063957749756
H_0.04_V_0.08.csv,1257.9826827094125
H_-0.04_V_-0.09.csv,777.9814117765981
H_-0.04_V_0.09.csv,891.880377769533
H_-0.04_V_0.10.csv,951.5645833377599
H_0.04_V_0.10.csv,1494.9904899247258
H_-0.04_V_-0.11.csv,963.1758065167941
H_-0.04_V_0.11.csv,895.709478113959
H_-0.05_V_0.00.csv,902.1344736349931
H_0.05_V_0.00.csv,947.5096905134642
H_0.05_V_-0.01.csv,680.6128110517184
H_0.05_V_0.01.csv,590.8590280565783
H_-0.05_V_-0.02.csv,884.1857944150197
H_-0.05_V_0.02.csv,810.5103927924476
H_0.05_V_-0.02.csv,922.948208782073
H_0.05_V_0.02.csv,940.892603168828
H_-0.05_V_-0.03.csv,1327.7318850040788
H_0.05_V_-0.03.csv,924.6084020207481
H_0.05_V_0.03.csv,944.1250349872757
H_-0.05_V_0.04.csv,812.9965242159019
H_0.05_V_-0.04.csv,931.2386610164547
H_0.05_V_0.04.csv,856.4845554553578
H_-0.05_V_0.05.csv,537.0282444617709
H_0.05_V_0.05.csv,858.6073726982006
H_-0.05_V_0.06.csv,1075.9413314895141
H_0.05_V_0.06.csv,1328.2877723391807
H_-0.05_V_0.07.csv,830.7837310984078
H_0.05_V_-0.07.csv,853.4887218401504
H_0.05_V_0.08.csv,855.510003435505
H_-0.05_V_0.09.csv,824.5652855563874
H_0.05_V_-0.10.csv,620.5122522343892
H_0.06_V_0.00.csv,834.6753125195663
H_-0.06_V_-0.01.csv,699.6508139747639
H_-0.06_V_0.01.csv,743.7456750500126
H_-0.06_V_0.02.csv,811.3736381432396
H_0.06_V_-0.02.csv,820.5399999926799
H_0.06_V_0.02.csv,963.5505689980916
H_-0.06_V_-0.03.csv,852.9088532144765
H_0.06_V_-0.03.csv,694.252200799898
H_-0.06_V_-0.04.csv,790.0358019445159
H_-0.06_V_0.04.csv,785.285120414356
H_-0.06_V_-0.05.csv,909.9711469904173
H_0.06_V_0.06.csv,794.3830953809692
H_-0.06_V_-0.08.csv,773.742627344107
H_-0.06_V_0.08.csv,923.4328511120309
H_-0.06_V_0.09.csv,842.5456316875005
H_0.06_V_0.10.csv,824.4978464757653
H_0.06_V_0.11.csv,787.269304782091
H_-0.07_V_0.00.csv,661.5482367920692
H_0.07_V_0.00.csv,1143.7226824368688
H_-0.07_V_-0.01.csv,678.6375146936743
H_-0.07_V_0.01.csv,731.8768475181932
H_-0.07_V_-0.02.csv,770.5007673297989
H_-0.07_V_0.02.csv,733.4302747151507
H_0.07_V_0.02.csv,958.4432341317151
H_-0.07_V_0.03.csv,923.1108348490359
H_0.07_V_-0.03.csv,725.1750767482579
H_0.07_V_0.03.csv,830.2790693158721
H_-0.07_V_0.04.csv,971.9461967177299
H_0.07_V_0.06.csv,705.558488332661
H_-0.07_V_0.07.csv,1890.2079766610684
H_-0.07_V_-0.08.csv,658.9662845945209
H_-0.07_V_-0.10.csv,704.4072357977248
H_-0.07_V_0.12.csv,620.3218055407948
H_-0.08_V_0.00.csv,520.7921049630281
H_0.08_V_0.00.csv,625.5242271041315
H_-0.08_V_-0.01.csv,645.7391116880651
H_-0.08_V_0.01.csv,838.0956627799321
H_0.08_V_-0.01.csv,1066.4891150410108
H_0.08_V_0.01.csv,679.69857536007
H_-0.08_V_0.02.csv,969.2479813753718
H_0.08_V_0.02.csv,940.4315527628153
H_-0.08_V_-0.03.csv,723.0354852696062
H_0.08_V_-0.03.csv,947.82134139615
H_-0.08_V_-0.04.csv,803.3380380990345
H_-0.08_V_0.04.csv,769.973669557037
H_0.08_V_0.04.csv,1453.3381983397421
H_-0.08_V_0.05.csv,1608.4044834022025
H_0.08_V_-0.05.csv,704.5417572123212
H_-0.08_V_-0.06.csv,660.1150147215146
H_0.08_V_-0.10.csv,797.3742184187855
H_-0.09_V_0.00.csv,915.9885616714528
H_0.09_V_0.00.csv,770.7084530518613
H_-0.09_V_-0.01.csv,659.8413181783185
H_-0.09_V_0.01.csv,934.8358573099185
H_0.09_V_-0.01.csv,913.6652865150007
H_0.09_V_0.01.csv,660.1921060880234
H_0.09_V_0.02.csv,659.8854086418447
H_-0.09_V_0.04.csv,950.4877524063171
H_-0.09_V_0.05.csv,1511.3903137023733
H_0.09_V_0.05.csv,1242.9367949356763
H_0.09_V_0.06.csv,1143.8984515717912
H_-0.09_V_0.07.csv,609.9054478030129
H_0.10_V_-0.01.csv,816.7694799563305
H_-0.10_V_0.02.csv,752.8052498561879
H_-0.10_V_0.03.csv,608.4421573059086
H_0.10_V_-0.03.csv,704.1405995369553
H_0.10_V_-0.04.csv,603.1353261699642
H_0.10_V_0.04.csv,826.864051225933
H_0.10_V_-0.05.csv,667.2537870326605
H_0.11_V_0.01.csv,558.5837954127164
