H_0.00_V_0.00.csv,992.1335434854018
H_0.00_V_-0.01.csv,1294.1424742378586
H_0.00_V_0.01.csv,1058.590158337218
H_0.00_V_-0.02.csv,922.2876468496938
H_0.00_V_0.02.csv,1222.948685223216
H_0.00_V_-0.03.csv,1385.7811794133308
H_0.00_V_-0.04.csv,1355.9581836696452
H_0.00_V_0.04.csv,953.352496742845
H_0.00_V_-0.05.csv,1182.653331379758
H_0.00_V_0.05.csv,1048.704607696945
H_0.00_V_-0.07.csv,939.6201501838608
H_0.00_V_0.08.csv,1055.983316976702
H_0.00_V_-0.10.csv,1236.8021617174334
H_0.00_V_0.10.csv,977.0987251093595
H_0.00_V_0.12.csv,1107.301418851198
H_-0.01_V_0.00.csv,1338.9887844950088
H_0.01_V_0.00.csv,981.4232323630652
H_0.01_V_0.01.csv,1273.6296643804094
H_-0.01_V_-0.02.csv,1168.1284358950186
H_-0.01_V_0.02.csv,935.0464273967672
H_0.01_V_0.02.csv,1523.1228763245374
H_-0.01_V_-0.03.csv,1568.3335939094575
H_0.01_V_-0.03.csv,1052.5182318942077
H_0.01_V_0.03.csv,1207.5559715199945
H_-0.01_V_-0.04.csv,842.218126332946
H_-0.01_V_0.04.csv,1303.2632498943374
H_0.01_V_-0.04.csv,1073.645590635373
H_0.01_V_0.04.csv,1102.4152264370332
H_0.01_V_0.05.csv,1079.4553010259826
H_-0.01_V_-0.06.csv,1314.673971869037
H_-0.01_V_0.06.csv,1176.888599585439
H_0.01_V_0.06.csv,950.5427841820906
H_-0.01_V_-0.07.csv,1236.4041175495659
H_-0.01_V_0.08.csv,1430.3919343181221
H_0.01_V_0.09.csv,1212.3132368073539
H_-0.01_V_-0.10.csv,857.2592911549103
H_0.01_V_-0.10.csv,880.307894227677
H_0.01_V_0.10.csv,1051.801117494029
H_-0.01_V_-0.11.csv,1098.0958191384684
H_0.01_V_-0.11.csv,1382.5729473118738
H_0.01_V_0.11.csv,1502.5829801167333
H_-0.02_V_0.00.csv,1256.5809674786542
H_0.02_V_0.00.csv,1283.4369770171693
H_-0.02_V_0.01.csv,1087.0925737348448
H_0.02_V_0.01.csv,1180.035493019418
H_-0.02_V_-0.02.csv,1249.516635038441
H_0.02_V_-0.02.csv,1330.2504280098956
H_-0.02_V_-0.03.csv,1006.837219587986
H_-0.02_V_0.03.csv,1089.0669902180682
H_0.02_V_-0.03.csv,1537.888534318741
H_0.02_V_0.03.csv,822.6201270657809
H_-0.02_V_0.04.csv,1255.8598047005025
H_-0.02_V_-0.05.csv,1278.219445890838
H_-0.02_V_0.05.csv,1092.2688580045842
H_0.02_V_-0.05.csv,1732.749087335201
H_0.02_V_0.05.csv,1419.1378820700334
H_-0.02_V_0.06.csv,1354.8245904283253
H_0.02_V_0.06.csv,1248.7688927822269
H_-0.02_V_-0.07.csv,1501.6200069600372
H_0.02_V_-0.07.csv,2210.394934557345
H_0.02_V_0.07.csv,1059.1833589772405
H_-0.02_V_-0.08.csv,1013.7249219042285
H_-0.02_V_0.08.csv,1149.8647924983247
H_0.02_V_-0.08.csv,983.7661400625113
H_0.02_V_0.08.csv,1625.5306653873465
H_-0.02_V_-0.09.csv,1128.4922567350402
H_-0.02_V_0.09.csv,1446.5463525775594
H_0.02_V_0.09.csv,1789.5240044680158
H_-0.02_V_0.10.csv,1110.2717575185566
H_0.02_V_-0.10.csv,1223.4128729292847
H_0.02_V_0.10.csv,1023.7123625718107
H_-0.02_V_-0.11.csv,1325.0597908993318
H_-0.02_V_0.11.csv,713.1117060478548
H_0.02_V_-0.11.csv,1466.1247186152875
H_-0.02_V_0.12.csv,1201.8773321865317
H_0.02_V_0.12.csv,1276.2378765271933
H_-0.03_V_0.00.csv,1257.607573867052
H_0.03_V_0.00.csv,1078.1609984513173
H_-0.03_V_-0.01.csv,1209.3447664903217
H_-0.03_V_0.01.csv,1341.5937434560287
H_0.03_V_-0.01.csv,1201.1082577104614
H_0.03_V_0.01.csv,989.3642607647093
H_-0.03_V_-0.02.csv,1402.837009013322
H_0.03_V_-0.02.csv,1375.8772335283684
H_0.03_V_0.02.csv,1506.8366872195247
H_-0.03_V_-0.03.csv,878.1932826802831
H_-0.03_V_0.03.csv,1693.2156760978492
H_0.03_V_-0.03.csv,1048.2708120729571
H_-0.03_V_-0.04.csv,1478.7021019872927
H_-0.03_V_0.04.csv,1124.3421035555637
H_0.03_V_-0.04.csv,1626.0177569374712
H_0.03_V_0.04.csv,1315.0084147181851
H_-0.03_V_0.05.csv,1344.684863346949
H_0.03_V_0.05.csv,1016.9867016983536
H_-0.03_V_-0.06.csv,1407.3949677735168
H_-0.03_V_0.06.csv,1205.7242987333811
H_0.03_V_-0.06.csv,1026.9372396536637
H_-0.03_V_-0.07.csv,927.7066478790741
H_-0.03_V_0.07.csv,1335.8580806238776
H_0.03_V_-0.07.csv,1164.98897775065
H_0.03_V_0.08.csv,1241.3712274885663
H_-0.03_V_0.09.csv,1250.144153995504
H_0.03_V_-0.09.csv,1446.7149146827016
H_-0.03_V_0.10.csv,1073.63336752169
H_0.03_V_0.10.csv,984.4667341036809
H_-0.03_V_0.11.csv,1125.4567338881238
H_-0.03_V_0.12.csv,1266.8815842817723
H_0.03_V_0.13.csv,1294.0019705733616
H_-0.04_V_0.00.csv,983.5962777961486
H_0.04_V_0.00.csv,1378.1279281419033
H_-0.04_V_0.01.csv,1122.0424743617202
H_0.04_V_-0.01.csv,1111.379164062661
H_-0.04_V_-0.02.csv,1547.5706873657866
H_-0.04_V_0.02.csv,1304.317145991908
H_0.04_V_-0.02.csv,1557.1111995288156
H_0.04_V_0.02.csv,1231.3877794098923
H_-0.04_V_0.03.csv,682.9499672786552
H_0.04_V_-0.03.csv,936.5826709881994
H_0.04_V_0.03.csv,1562.189683915124
H_-0.04_V_0.04.csv,1415.4108158768586
H_0.04_V_-0.04.csv,1189.349796328493
H_0.04_V_0.04.csv,1529.8392825926219
H_-0.04_V_-0.05.csv,1367.1982582180294
H_-0.04_V_0.05.csv,1509.2018057040873
H_0.04_V_-0.05.csv,1040.4254381948285
H_0.04_V_-0.06.csv,896.4240887858009
H_0.04_V_0.06.csv,1264.1998609381135
H_0.04_V_-0.07.csv,1995.9541168457877
H_0.04_V_0.07.csv,912.1320998296386
H_-0.04_V_-0.08.csv,1002.9441259874053
H_-0.04_V_0.08.csv,1314.9470764727353
H_0.04_V_0.08.csv,1419.7923545835083
H_-0.04_V_-0.09.csv,1130.3900701064508
H_-0.04_V_0.09.csv,1249.3871640701568
H_-0.04_V_0.10.csv,1120.0877637729993
H_0.04_V_0.10.csv,1487.6551100599402
H_-0.04_V_-0.11.csv,1193.0189559570454
H_-0.04_V_0.11.csv,1325.8109158983168
H_-0.05_V_0.00.csv,1222.4825887911525
H_0.05_V_0.00.csv,1078.041428899193
H_0.05_V_-0.01.csv,826.9189233276022
H_0.05_V_0.01.csv,730.1580041617315
H_-0.05_V_-0.02.csv,1227.569567234868
H_-0.05_V_0.02.csv,1029.4215078460043
H_0.05_V_-0.02.csv,1512.5650843577491
H_0.05_V_0.02.csv,1403.1012181915014
H_-0.05_V_-0.03.csv,1754.0775459909748
H_0.05_V_-0.03.csv,1351.7296062921614
H_0.05_V_0.03.csv,1252.1942312697406
H_-0.05_V_0.04.csv,1182.8892267583906
H_0.05_V_-0.04.csv,1325.4340484291026
H_0.05_V_0.04.csv,1240.8915292584174
H_-0.05_V_0.05.csv,593.2282438586867
H_0.05_V_0.05.csv,1059.4653765544904
H_-0.05_V_0.06.csv,1330.9211313701335
H_0.05_V_0.06.csv,1593.3579861032852
H_-0.05_V_0.07.csv,1054.3856964923827
H_0.05_V_-0.07.csv,1030.8336672002968
H_0.05_V_0.08.csv,1201.7942314782085
H_-0.05_V_0.09.csv,933.0577538330201
H_0.05_V_-0.10.csv,728.6110592279394
H_0.06_V_0.00.csv,1037.0267939062776
H_-0.06_V_-0.01.csv,1111.002542410057
H_-0.06_V_0.01.csv,964.2622804382495
H_-0.06_V_0.02.csv,953.2370812067144
H_0.06_V_-0.02.csv,1200.9924799476034
H_0.06_V_0.02.csv,1218.1918310947553
H_-0.06_V_-0.03.csv,1140.0612236723941
H_0.06_V_-0.03.csv,838.0420298973991
H_-0.06_V_-0.04.csv,953.8075405206235
H_-0.06_V_0.04.csv,894.8953324626827
H_-0.06_V_-0.05.csv,1359.6521767570116
H_0.06_V_0.06.csv,889.1702734603668
H_-0.06_V_-0.08.csv,938.0058421246713
H_-0.06_V_0.08.csv,1112.826438369328
H_-0.06_V_0.09.csv,1103.9274570774132
H_0.06_V_0.10.csv,903.8743487826664
H_0.06_V_0.11.csv,995.1548877183819
H_-0.07_V_0.00.csv,629.080424678314
H_0.07_V_0.00.csv,1331.3748646177933
H_-0.07_V_-0.01.csv,836.0059723246274
H_-0.07_V_0.01.csv,827.0034496344199
H_-0.07_V_-0.02.csv,1044.2676896046476
H_-0.07_V_0.02.csv,881.5825056538612
H_0.07_V_0.02.csv,1467.3393179062473
H_-0.07_V_0.03.csv,881.9137731788846
H_0.07_V_-0.03.csv,818.6817928427697
H_0.07_V_0.03.csv,1081.3824005941578
H_-0.07_V_0.04.csv,1155.1263395586093
H_0.07_V_0.06.csv,848.47232597973
H_-0.07_V_0.07.csv,2096.381695167235
H_-0.07_V_-0.08.csv,891.1160795527345
H_-0.07_V_-0.10.csv,726.4232426643691
H_-0.07_V_0.12.csv,603.6375149360433
H_-0.08_V_0.00.csv,682.011733616919
H_0.08_V_0.00.csv,782.0243407896465
H_-0.08_V_-0.01.csv,879.9888739678261
H_-0.08_V_0.01.csv,1148.7044773733883
H_0.08_V_-0.01.csv,1440.4029642737987
H_0.08_V_0.01.csv,804.216089581041
H_-0.08_V_0.02.csv,1363.3428733994347
H_0.08_V_0.02.csv,1429.2913541400387
H_-0.08_V_-0.03.csv,849.8671595262285
H_0.08_V_-0.03.csv,1350.6320152020394
H_-0.08_V_-0.04.csv,954.0881958638877
H_-0.08_V_0.04.csv,845.5503047296016
H_0.08_V_0.04.csv,1666.2075923431319
H_-0.08_V_0.05.csv,2132.693977449436
H_0.08_V_-0.05.csv,867.6224179452338
H_-0.08_V_-0.06.csv,710.7994786173765
H_0.08_V_-0.10.csv,845.7305742303719
H_-0.09_V_0.00.csv,1135.386784019474
H_0.09_V_0.00.csv,1232.2974574993368
H_-0.09_V_-0.01.csv,818.4486461313483
H_-0.09_V_0.01.csv,1369.1700681162897
H_0.09_V_-0.01.csv,1395.3328677082875
H_0.09_V_0.01.csv,1061.3427966090533
H_0.09_V_0.02.csv,959.7713643250668
H_-0.09_V_0.04.csv,968.1814494212668
H_-0.09_V_0.05.csv,1598.906793236382
H_0.09_V_0.05.csv,1447.2180216489514
H_0.09_V_0.06.csv,1389.819842905204
H_-0.09_V_0.07.csv,668.7266150028713
H_0.10_V_-0.01.csv,898.4114887948626
H_-0.10_V_0.02.csv,1158.2932377132588
H_-0.10_V_0.03.csv,784.9043537916923
H_0.10_V_-0.03.csv,764.2153122036543
H_0.10_V_-0.04.csv,719.6598062763073
H_0.10_V_0.04.csv,912.142790354172
H_0.10_V_-0.05.csv,799.7740604699276
H_0.11_V_0.01.csv,634.593791359162
