0000000002_0000000245.csv,542.7147579870466
0000000002_0000000341.csv,642.2839816113442
0000000235_0000000608.csv,1109.5914214759623
0000000330_0000000543.csv,745.3477703464143
0000000530_0000000727.csv,910.2132630442616
0000000581_0000000823.csv,1009.1101179027729
0000000717_0000000985.csv,466.39251443789783
0000000812_0000001058.csv,473.1167990332241
0000000975_0000001200.csv,938.587477267533
0000001046_0000001295.csv,1217.9861368490492
0000001191_0000001409.csv,613.2471302757033
0000001277_0000001491.csv,658.0156083568131
0000001399_0000001587.csv,750.5205820597835
0000001577_0000001910.csv,526.7203114795228
0000001878_0000002099.csv,906.2133892212337
0000002090_0000002279.csv,717.6625165264393
0000002404_0000002590.csv,532.8587495589187
0000002487_0000002835.csv,371.7474388681057
0000002580_0000002789.csv,482.9431789129781
0000002769_0000003002.csv,607.7802513681152
0000002827_0000003047.csv,747.1372057270976
0000003033_0000003229.csv,655.3633781164093
0000003215_0000003513.csv,1475.7800131329757
0000003503_0000003724.csv,631.4952185752352
0000004623_0000004876.csv,529.5024870523443
0000004854_0000005104.csv,955.891206848976
0000005093_0000005329.csv,648.0788547414296
0000005316_0000005605.csv,472.05649415451194
0000005588_0000005932.csv,1149.0021780519442
0000005911_0000006258.csv,570.3765915799166
0000006247_0000006553.csv,555.9950458730804
0000006517_0000006804.csv,551.8032093662844
0000006792_0000006997.csv,564.9145433530755
0000006988_0000007177.csv,802.5230165147683
0000007161_0000007890.csv,635.9589744006562
0000007875_0000008100.csv,606.5216092709425
0000008090_0000008242.csv,576.662787727036
0000008236_0000008426.csv,779.7837027269886
0000008417_0000008542.csv,496.6086913591522
0000008536_0000008643.csv,610.3255580130896
0000008637_0000008745.csv,616.2320424054768
