0000000002_0000000245.csv,498.4918534655253
0000000002_0000000341.csv,662.948063134939
0000000235_0000000608.csv,1139.1107018459975
0000000330_0000000543.csv,723.7228131571736
0000000530_0000000727.csv,883.1318252906017
0000000581_0000000823.csv,1025.439417964495
0000000717_0000000985.csv,521.878119764708
0000000812_0000001058.csv,616.8502335006253
0000000975_0000001200.csv,942.7897957875302
0000001046_0000001295.csv,1069.745134285133
0000001191_0000001409.csv,567.9462563741381
0000001277_0000001491.csv,655.9895844440248
0000001399_0000001587.csv,598.8369805771556
0000001577_0000001910.csv,499.79508645004023
0000001878_0000002099.csv,801.4838834515463
0000002090_0000002279.csv,690.2408266651105
0000002404_0000002590.csv,648.1430393313404
0000002487_0000002835.csv,403.8085204882278
0000002580_0000002789.csv,470.1883440273871
0000002769_0000003002.csv,595.3535481701256
0000002827_0000003047.csv,687.9728952213364
0000003033_0000003229.csv,690.0298508217832
0000003215_0000003513.csv,1408.4420755427584
0000003503_0000003724.csv,557.4959427351847
0000004623_0000004876.csv,495.4000240477918
0000004854_0000005104.csv,966.0975869546253
0000005093_0000005329.csv,502.06751244598
0000005316_0000005605.csv,476.1728874271405
0000005588_0000005932.csv,1061.326725132845
0000005911_0000006258.csv,650.4519427413627
0000006247_0000006553.csv,563.0931992853413
0000006517_0000006804.csv,558.3816297162009
0000006792_0000006997.csv,569.9527111410022
0000006988_0000007177.csv,777.430098232108
0000007161_0000007890.csv,582.4465141531028
0000007875_0000008100.csv,562.7516099241942
0000008090_0000008242.csv,572.03521794255
0000008236_0000008426.csv,821.0806238178296
0000008417_0000008542.csv,543.1642084023019
0000008536_0000008643.csv,557.1640420626179
0000008637_0000008745.csv,507.83622432520394
