0000000002_0000000245.csv,770.849602226115
0000000002_0000000341.csv,803.02292338087
0000000235_0000000608.csv,1337.4978630159346
0000000330_0000000543.csv,961.546438173396
0000000530_0000000727.csv,988.5292718447862
0000000581_0000000823.csv,1260.0474112819995
0000000717_0000000985.csv,551.6665190581793
0000000812_0000001058.csv,618.7350147438539
0000000975_0000001200.csv,1171.583169056466
0000001046_0000001295.csv,1411.501839364469
0000001191_0000001409.csv,671.012676896903
0000001277_0000001491.csv,846.85731766532
0000001399_0000001587.csv,900.4609940511165
0000001577_0000001910.csv,803.2942467066913
0000001878_0000002099.csv,1172.1881616827109
0000002090_0000002279.csv,963.2079208927757
0000002404_0000002590.csv,783.7649425716355
0000002487_0000002835.csv,585.0499401977112
0000002580_0000002789.csv,656.3116444848952
0000002769_0000003002.csv,862.4321593592781
0000002827_0000003047.csv,885.4716498146156
0000003033_0000003229.csv,909.1485877097041
0000003215_0000003513.csv,1672.7174677503003
0000003503_0000003724.csv,777.4337843961906
0000004623_0000004876.csv,707.4319453310272
0000004854_0000005104.csv,1205.339797671005
0000005093_0000005329.csv,841.7216281780736
0000005316_0000005605.csv,577.4725797144799
0000005588_0000005932.csv,1281.7983152765262
0000005911_0000006258.csv,653.851109235333
0000006247_0000006553.csv,826.3503841281541
0000006517_0000006804.csv,673.8580800238267
0000006792_0000006997.csv,836.9605855160095
0000006988_0000007177.csv,1066.329447517975
0000007161_0000007890.csv,958.7353493276752
0000007875_0000008100.csv,837.4086310757348
0000008090_0000008242.csv,746.2023633924676
0000008236_0000008426.csv,1079.433826479424
0000008417_0000008542.csv,723.2697817392625
0000008536_0000008643.csv,839.8022184827298
0000008637_0000008745.csv,884.8119086727702
