0000000002_0000000245.csv,612.1804147625379
0000000002_0000000341.csv,779.4050487788317
0000000235_0000000608.csv,900.9705211071146
0000000330_0000000543.csv,879.0289009688432
0000000530_0000000727.csv,989.9252368832896
0000000581_0000000823.csv,1107.7979844745169
0000000717_0000000985.csv,414.8815494969285
0000000812_0000001058.csv,515.3384079805896
0000000975_0000001200.csv,648.8075864057512
0000001046_0000001295.csv,715.0185988259989
0000001191_0000001409.csv,486.2190572017205
0000001277_0000001491.csv,588.8155964970808
0000001399_0000001587.csv,780.6366638509004
0000001577_0000001910.csv,723.0016742905299
0000001878_0000002099.csv,1107.04306669298
0000002090_0000002279.csv,929.1019425583254
0000002404_0000002590.csv,748.8113270359299
0000002487_0000002835.csv,562.3814857373287
0000002580_0000002789.csv,493.92696831677335
0000002769_0000003002.csv,799.1174274539708
0000002827_0000003047.csv,568.9046097594252
0000003033_0000003229.csv,758.7721365678531
0000003215_0000003513.csv,1161.2604616310787
0000003503_0000003724.csv,834.788745120354
0000004623_0000004876.csv,725.8506886106201
0000004854_0000005104.csv,834.311482431498
0000005093_0000005329.csv,581.9159637583439
0000005316_0000005605.csv,564.0465822830454
0000005588_0000005932.csv,793.8709091063575
0000005911_0000006258.csv,509.3124895767462
0000006247_0000006553.csv,699.508844075353
0000006517_0000006804.csv,452.84212501517936
0000006792_0000006997.csv,881.1755863623544
0000006988_0000007177.csv,800.1361130663915
0000007161_0000007890.csv,809.8473719496236
0000007875_0000008100.csv,652.4775450404732
0000008090_0000008242.csv,793.0100838936305
0000008236_0000008426.csv,589.7385799864952
0000008417_0000008542.csv,648.4235556772877
0000008536_0000008643.csv,664.4170230448462
0000008637_0000008745.csv,916.2666796814249
