0000000002_0000000245.csv,704.8331052547042
0000000002_0000000341.csv,910.3729551878927
0000000235_0000000608.csv,986.443097728758
0000000330_0000000543.csv,938.3916185318333
0000000530_0000000727.csv,1098.862464102696
0000000581_0000000823.csv,1132.3422985544626
0000000717_0000000985.csv,490.8747642038815
0000000812_0000001058.csv,557.5572838302978
0000000975_0000001200.csv,714.8466482804502
0000001046_0000001295.csv,750.645444872318
0000001191_0000001409.csv,584.6697556774521
0000001277_0000001491.csv,675.4175765361128
0000001399_0000001587.csv,971.1117293884665
0000001577_0000001910.csv,783.6500171432637
0000001878_0000002099.csv,1270.7761140476052
0000002090_0000002279.csv,1034.265205678717
0000002404_0000002590.csv,863.6768262273313
0000002487_0000002835.csv,690.564444058276
0000002580_0000002789.csv,601.4460109845859
0000002769_0000003002.csv,873.7786307080256
0000002827_0000003047.csv,605.3655269622299
0000003033_0000003229.csv,950.0172863158185
0000003215_0000003513.csv,1160.2762973635295
0000003503_0000003724.csv,867.8203567841575
0000004623_0000004876.csv,767.2252222441136
0000004854_0000005104.csv,826.1298524165894
0000005093_0000005329.csv,593.7270561880196
0000005316_0000005605.csv,742.2042432114904
0000005588_0000005932.csv,805.7127227902785
0000005911_0000006258.csv,557.3448425603651
0000006247_0000006553.csv,724.450171191742
0000006517_0000006804.csv,525.8907075539648
0000006792_0000006997.csv,974.062517833228
0000006988_0000007177.csv,861.6572045323271
0000007161_0000007890.csv,845.168299000474
0000007875_0000008100.csv,743.9521708139939
0000008090_0000008242.csv,896.0007171974188
0000008236_0000008426.csv,627.5431542406642
0000008417_0000008542.csv,759.2453018779935
0000008536_0000008643.csv,712.8552720826032
0000008637_0000008745.csv,946.4132741647777
