0000000002_0000000245.csv,615.7253101060653
0000000002_0000000341.csv,789.9983608579196
0000000235_0000000608.csv,902.5429015735557
0000000330_0000000543.csv,865.4224762168736
0000000530_0000000727.csv,984.9335643039321
0000000581_0000000823.csv,1115.6206156348492
0000000717_0000000985.csv,420.8310260226227
0000000812_0000001058.csv,522.4365596384457
0000000975_0000001200.csv,661.2285528773793
0000001046_0000001295.csv,690.8045576470445
0000001191_0000001409.csv,480.28295128489276
0000001277_0000001491.csv,563.4004590904138
0000001399_0000001587.csv,784.4662972347667
0000001577_0000001910.csv,713.1420435885384
0000001878_0000002099.csv,1098.3106239479143
0000002090_0000002279.csv,947.1725511717568
0000002404_0000002590.csv,745.1581529297334
0000002487_0000002835.csv,553.5974939838701
0000002580_0000002789.csv,502.5690300259995
0000002769_0000003002.csv,794.3718234726904
0000002827_0000003047.csv,556.6915733826308
0000003033_0000003229.csv,774.0269387713606
0000003215_0000003513.csv,1163.0552779979712
0000003503_0000003724.csv,810.8849412893392
0000004623_0000004876.csv,691.922292953132
0000004854_0000005104.csv,826.6428693655495
0000005093_0000005329.csv,583.418695486215
0000005316_0000005605.csv,576.8651936062424
0000005588_0000005932.csv,766.5718312582964
0000005911_0000006258.csv,508.5685392844872
0000006247_0000006553.csv,709.1136893992407
0000006517_0000006804.csv,458.39239062694975
0000006792_0000006997.csv,892.9913142482752
0000006988_0000007177.csv,780.8134155855894
0000007161_0000007890.csv,798.2198271081581
0000007875_0000008100.csv,641.3823199621097
0000008090_0000008242.csv,801.0931680152403
0000008236_0000008426.csv,595.1967679149217
0000008417_0000008542.csv,641.6665968026678
0000008536_0000008643.csv,653.3033097146983
0000008637_0000008745.csv,906.6633856163996
