0000000002_0000000245.csv,649.4347253230676
0000000002_0000000341.csv,843.3095992648393
0000000235_0000000608.csv,947.5928888236826
0000000330_0000000543.csv,931.443930719051
0000000530_0000000727.csv,958.5372222169547
0000000581_0000000823.csv,1126.7659556909412
0000000717_0000000985.csv,440.7184615855114
0000000812_0000001058.csv,557.77400861708
0000000975_0000001200.csv,706.8641683395447
0000001046_0000001295.csv,721.8097858572363
0000001191_0000001409.csv,533.3979496608463
0000001277_0000001491.csv,633.1954255918068
0000001399_0000001587.csv,836.8126467676854
0000001577_0000001910.csv,770.5811601126826
0000001878_0000002099.csv,1209.981197658586
0000002090_0000002279.csv,982.8230232849041
0000002404_0000002590.csv,810.1078758967799
0000002487_0000002835.csv,596.4268364774064
0000002580_0000002789.csv,592.8160038905239
0000002769_0000003002.csv,860.8950337049298
0000002827_0000003047.csv,586.3318838039418
0000003033_0000003229.csv,818.2364503782951
0000003215_0000003513.csv,1172.6143058377202
0000003503_0000003724.csv,858.5408863805704
0000004623_0000004876.csv,730.9593205760882
0000004854_0000005104.csv,891.1760330908418
0000005093_0000005329.csv,578.8966066615593
0000005316_0000005605.csv,641.0574226643894
0000005588_0000005932.csv,878.0883988949943
0000005911_0000006258.csv,565.2132133748528
0000006247_0000006553.csv,751.3771249531575
0000006517_0000006804.csv,526.6250342825458
0000006792_0000006997.csv,969.4736997111959
0000006988_0000007177.csv,815.6782184508172
0000007161_0000007890.csv,810.8787777735147
0000007875_0000008100.csv,710.2458535076809
0000008090_0000008242.csv,844.2163913679963
0000008236_0000008426.csv,640.4228879565
0000008417_0000008542.csv,684.3045779371233
0000008536_0000008643.csv,730.6461133701755
0000008637_0000008745.csv,907.920100656109
