0000000002_0000000245.csv,651.8518780919603
0000000002_0000000341.csv,794.0294532747128
0000000235_0000000608.csv,855.4367413493974
0000000330_0000000543.csv,920.1418127288475
0000000530_0000000727.csv,927.1704206101404
0000000581_0000000823.csv,1130.0719107424297
0000000717_0000000985.csv,404.63284470562587
0000000812_0000001058.csv,490.79499846021827
0000000975_0000001200.csv,677.3670335184898
0000001046_0000001295.csv,764.4482142148497
0000001191_0000001409.csv,498.72271026862757
0000001277_0000001491.csv,597.3418718439639
0000001399_0000001587.csv,806.6820748487767
0000001577_0000001910.csv,752.2438730557873
0000001878_0000002099.csv,1130.5901006725662
0000002090_0000002279.csv,941.909611745133
0000002404_0000002590.csv,751.1630935938156
0000002487_0000002835.csv,584.3314051313907
0000002580_0000002789.csv,502.6155086710603
0000002769_0000003002.csv,872.0686834075135
0000002827_0000003047.csv,564.3153099986035
0000003033_0000003229.csv,742.8050932876139
0000003215_0000003513.csv,1199.546691168267
0000003503_0000003724.csv,856.8306030712877
0000004623_0000004876.csv,692.9521254064499
0000004854_0000005104.csv,940.1004013953099
0000005093_0000005329.csv,650.4178818698805
0000005316_0000005605.csv,589.9642848517433
0000005588_0000005932.csv,848.6040243147245
0000005911_0000006258.csv,504.64526197164514
0000006247_0000006553.csv,714.0367294970122
0000006517_0000006804.csv,504.09377238584375
0000006792_0000006997.csv,855.1774128052854
0000006988_0000007177.csv,815.8247400584046
0000007161_0000007890.csv,842.7275278823956
0000007875_0000008100.csv,668.8426138634422
0000008090_0000008242.csv,754.2940081520123
0000008236_0000008426.csv,675.8651172797013
0000008417_0000008542.csv,687.9159401452279
0000008536_0000008643.csv,712.7135175462025
0000008637_0000008745.csv,1004.3039400816243
